
 Fraction 0.05
0.14174128405410555
2.237922474699255
0.14143540669856458
2.274882408278457
2.269607843137255
0.14036767522022214
2.26787072243346
0.014329384791746275
2.260886100019015
2.4111518425622225

 Overall Average Error is: 1.4160195141894305
 Standard Deviation is: 1.1260498237667451

 Fraction 0.1
0.0
0.0
0.0
0.0
0.0
0.0
2.63
0.0
0.0
0.0

 Overall Average Error is: 0.263
 Standard Deviation is: 0.8316790246242837

 Fraction 0.15000000000000002
0.0
0.0
0.0
0.0
0.0
0.0
0.0
0.0
0.0
0.0

 Overall Average Error is: 0.0
 Standard Deviation is: 0.0
