
 Fraction 0.05
0.26937374892765226
0.2636545610523306
0.2562698183914673
0.36659994280812125
0.18278335724533715
0.40491850157277665
0.3834522111269615
0.30659840728100113
0.3652099886492622
0.1462857142857143

 Overall Average Error is: 0.2945146251340624
 Standard Deviation is: 0.08688550196300672

 Fraction 0.1
0.11301587301587301
0.04236484350300348
0.11160572337042925
0.14101758793969849
0.039399624765478425
0.08611825192802057
0.10852959898154042
0.06157712849513038
0.17998105462582886
0.18004477134633834

 Overall Average Error is: 0.10636544579713414
 Standard Deviation is: 0.05068583473898541

 Fraction 0.15000000000000002
0.0
0.0
0.08951048951048951
0.15977575332866154
0.08953119492421573
0.0
0.09078014184397164
0.019559902200488997
0.0
0.06086341118188252

 Overall Average Error is: 0.05100208929897099
 Standard Deviation is: 0.05564979940874675

 Fraction 0.2
0.09278350515463918
0.09051554506099961
0.0
0.0
0.0
0.0
0.0976
0.0
0.0
0.0

 Overall Average Error is: 0.02808990502156388
 Standard Deviation is: 0.045261186567234414

 Fraction 0.25
0.0
0.08819476343592099
0.0
0.0
0.0
0.0
0.0
0.0
0.0
0.0

 Overall Average Error is: 0.008819476343592099
 Standard Deviation is: 0.027889633015724797

 Fraction 0.3
0.0
0.0
0.04285714285714286
0.0
0.0
0.0
0.0
0.0
0.0
0.0

 Overall Average Error is: 0.004285714285714286
 Standard Deviation is: 0.013552618543578768

 Fraction 0.35
0.0
0.0
0.0
0.0
0.0
0.0
0.0
0.0
0.0
0.0

 Overall Average Error is: 0.0
 Standard Deviation is: 0.0
