
 Fraction 0.05
0.4332479362368346
0.14886916690523905
0.35710211066742725
0.38258877434135163
0.2082857142857143
0.2152619589977221
0.2995708154506438
0.3173463526708788
0.6129032258064516
0.16818181818181818

 Overall Average Error is: 0.3143357873544081
 Standard Deviation is: 0.14134258525053608

 Fraction 0.1
0.1728748806112703
0.40219851277077273
0.12467948717948718
0.09152
0.15120711562897077
0.20518495099589
0.3669201520912547
0.13100158982511922
0.18547875713379836
0.23839595832017682

 Overall Average Error is: 0.20694614045567405
 Standard Deviation is: 0.1028993441402367

 Fraction 0.15000000000000002
0.20457796852646637
0.0
0.0
0.09172339663203152
0.0
0.09553916403231472
0.09187279151943463
0.2321748477248298
0.040931545518701484
0.17499114417286574

 Overall Average Error is: 0.09318108581266443
 Standard Deviation is: 0.08641564462459245

 Fraction 0.2
0.16145229818462728
0.0
0.0
0.09010458567980692
0.0
0.05739338381825428
0.09654062751407884
0.044100580270793034
0.0
0.0

 Overall Average Error is: 0.044959147546756034
 Standard Deviation is: 0.056304120547315685

 Fraction 0.25
0.0
0.0
0.0
0.0
0.0
0.0
0.0
0.09473218238158478
0.0
0.0

 Overall Average Error is: 0.009473218238158478
 Standard Deviation is: 0.02995694640442821

 Fraction 0.3
0.0
0.0
0.0
0.0
0.0
0.0
0.0
0.0
0.0
0.0

 Overall Average Error is: 0.0
 Standard Deviation is: 0.0
