CProgol Version 4.4

[:- set(h,50)? - Time taken 0.00s]
[:- modeh(1,up(+user,+resource,#operation))? - Time taken 0.00s]
[:- modeb(1,positionU(+user,#attribValAtomic))? - Time taken 0.00s]
[:- modeb(1,uidU(+user,#attribValAtomic))? - Time taken 0.00s]
[:- modeb(100,teamsU(+user,#attribValAtomic))? - Time taken 0.00s]
[:- modeb(100,specialtiesU(+user,#attribValAtomic))? - Time taken 0.00s]
[:- modeb(1,wardU(+user,#attribValAtomic))? - Time taken 0.00s]
[:- modeb(100,agentForU(+user,#attribValAtomic))? - Time taken 0.00s]
[:- modeb(1,treatingTeamR(+resource,#attribValAtomic))? - Time taken 0.00s]
[:- modeb(1,authorR(+resource,#attribValAtomic))? - Time taken 0.00s]
[:- modeb(100,topicsR(+resource,#attribValAtomic))? - Time taken 0.00s]
[:- modeb(1,patientR(+resource,#attribValAtomic))? - Time taken 0.00s]
[:- modeb(1,wardR(+resource,#attribValAtomic))? - Time taken 0.00s]
[:- modeb(1,ridR(+resource,#attribValAtomic))? - Time taken 0.00s]
[:- modeb(1,typeR(+resource,#attribValAtomic))? - Time taken 0.00s]
[:- modeb(1,teamsU_superset_topicsR(+user,+resource))? - Time taken 0.00s]
[:- modeb(1,specialtiesU_superset_topicsR(+user,+resource))? - Time taken 0.00s]
[:- modeb(1,agentForU_superset_topicsR(+user,+resource))? - Time taken 0.00s]
[:- modeb(1,teamsU_contains_treatingTeamR(+user,+resource))? - Time taken 0.00s]
[:- modeb(1,teamsU_contains_authorR(+user,+resource))? - Time taken 0.00s]
[:- modeb(1,teamsU_contains_patientR(+user,+resource))? - Time taken 0.00s]
[:- modeb(1,teamsU_contains_wardR(+user,+resource))? - Time taken 0.00s]
[:- modeb(1,teamsU_contains_ridR(+user,+resource))? - Time taken 0.00s]
[:- modeb(1,teamsU_contains_typeR(+user,+resource))? - Time taken 0.00s]
[:- modeb(1,specialtiesU_contains_treatingTeamR(+user,+resource))? - Time taken 0.00s]
[:- modeb(1,specialtiesU_contains_authorR(+user,+resource))? - Time taken 0.00s]
[:- modeb(1,specialtiesU_contains_patientR(+user,+resource))? - Time taken 0.00s]
[:- modeb(1,specialtiesU_contains_wardR(+user,+resource))? - Time taken 0.00s]
[:- modeb(1,specialtiesU_contains_ridR(+user,+resource))? - Time taken 0.00s]
[:- modeb(1,specialtiesU_contains_typeR(+user,+resource))? - Time taken 0.00s]
[:- modeb(1,agentForU_contains_treatingTeamR(+user,+resource))? - Time taken 0.00s]
[:- modeb(1,agentForU_contains_authorR(+user,+resource))? - Time taken 0.00s]
[:- modeb(1,agentForU_contains_patientR(+user,+resource))? - Time taken 0.00s]
[:- modeb(1,agentForU_contains_wardR(+user,+resource))? - Time taken 0.00s]
[:- modeb(1,agentForU_contains_ridR(+user,+resource))? - Time taken 0.00s]
[:- modeb(1,agentForU_contains_typeR(+user,+resource))? - Time taken 0.00s]
[:- modeb(1,positionU_equals_treatingTeamR(+user,+resource))? - Time taken 0.00s]
[:- modeb(1,positionU_equals_authorR(+user,+resource))? - Time taken 0.00s]
[:- modeb(1,positionU_equals_patientR(+user,+resource))? - Time taken 0.00s]
[:- modeb(1,positionU_equals_wardR(+user,+resource))? - Time taken 0.00s]
[:- modeb(1,positionU_equals_ridR(+user,+resource))? - Time taken 0.00s]
[:- modeb(1,positionU_equals_typeR(+user,+resource))? - Time taken 0.00s]
[:- modeb(1,uidU_equals_treatingTeamR(+user,+resource))? - Time taken 0.00s]
[:- modeb(1,uidU_equals_authorR(+user,+resource))? - Time taken 0.00s]
[:- modeb(1,uidU_equals_patientR(+user,+resource))? - Time taken 0.00s]
[:- modeb(1,uidU_equals_wardR(+user,+resource))? - Time taken 0.00s]
[:- modeb(1,uidU_equals_ridR(+user,+resource))? - Time taken 0.00s]
[:- modeb(1,uidU_equals_typeR(+user,+resource))? - Time taken 0.00s]
[:- modeb(1,wardU_equals_treatingTeamR(+user,+resource))? - Time taken 0.00s]
[:- modeb(1,wardU_equals_authorR(+user,+resource))? - Time taken 0.00s]
[:- modeb(1,wardU_equals_patientR(+user,+resource))? - Time taken 0.00s]
[:- modeb(1,wardU_equals_wardR(+user,+resource))? - Time taken 0.00s]
[:- modeb(1,wardU_equals_ridR(+user,+resource))? - Time taken 0.00s]
[:- modeb(1,wardU_equals_typeR(+user,+resource))? - Time taken 0.00s]
[:- modeb(1,superset(+attribValSet,+attribValSet))? - Time taken 0.00s]
[:- modeb(1,element(+attribValAtomic,+attribValSet))? - Time taken 0.00s]
[Testing for contradictions]
[WARNING: resolution-bound failure - use set(r,..)]
[No contradictions found]
[Generalising up(oncnurse1,oncpat2nursingitem,read).]
[Most specific clause is]

up(A,B,read) :- positionU(A,nurse), uidU(A,oncnurse1), wardU(A,
	oncward), treatingTeamR(B,oncteam2), authorR(B,oncnurse1),
	topicsR(B,nursing), patientR(B,oncpat2), wardR(B,oncward),
	ridR(B,oncpat2nursingitem), typeR(B,hritem), uidU_equals_authorR(A,
	B), wardU_equals_wardR(A,B).

[C:-559,26,310,0 up(A,B,read).]
[C:-318,8,56,0 up(A,B,read) :- positionU(A,nurse).]
[C:-344,4,28,0 up(A,B,read) :- positionU(A,nurse), wardU(A,oncward).]
[C:-19,8,8,0 up(A,B,read) :- positionU(A,nurse), topicsR(B,nursing).]
[C:-50,4,4,0 up(A,B,read) :- positionU(A,nurse), topicsR(B,nursing), wardR(B,oncward).]
[C:-25,8,8,0 up(A,B,read) :- positionU(A,nurse), topicsR(B,nursing), typeR(B,hritem).]
[C:1,4,0,0 up(A,B,read) :- positionU(A,nurse), topicsR(B,nursing), uidU_equals_authorR(A,B).]
[C:26,8,0,0 up(A,B,read) :- positionU(A,nurse), topicsR(B,nursing), wardU_equals_wardR(A,B).]
[C:-344,4,28,0 up(A,B,read) :- positionU(A,nurse), wardR(B,oncward).]
[C:-223,8,40,0 up(A,B,read) :- positionU(A,nurse), typeR(B,hritem).]
[C:1,4,0,0 up(A,B,read) :- positionU(A,nurse), typeR(B,hritem), uidU_equals_authorR(A,B).]
[C:-76,8,16,0 up(A,B,read) :- positionU(A,nurse), typeR(B,hritem), wardU_equals_wardR(A,B).]
[C:13,4,0,0 up(A,B,read) :- positionU(A,nurse), uidU_equals_authorR(A,B).]
[C:-121,8,24,0 up(A,B,read) :- positionU(A,nurse), wardU_equals_wardR(A,B).]
[C:-254,4,20,0 up(A,B,read) :- positionU(A,nurse), wardR(B,oncward), typeR(B,hritem).]
[C:-152,4,12,0 up(A,B,read) :- positionU(A,nurse), wardR(B,oncward), wardU_equals_wardR(A,B).]
[C:-356,2,14,0 up(A,B,read) :- uidU(A,oncnurse1).]
[C:-458,6,58,0 up(A,B,read) :- wardU(A,oncward).]
[C:-220,3,13,0 up(A,B,read) :- wardU(A,oncward), treatingTeamR(B,oncteam2).]
[C:-140,4,12,0 up(A,B,read) :- wardU(A,oncward), topicsR(B,nursing).]
[C:-50,4,4,0 up(A,B,read) :- wardU(A,oncward), topicsR(B,nursing), wardR(B,oncward).]
[C:-152,4,12,0 up(A,B,read) :- wardU(A,oncward), topicsR(B,nursing), typeR(B,hritem).]
[C:-50,4,4,0 up(A,B,read) :- wardU(A,oncward), topicsR(B,nursing), wardU_equals_wardR(A,B).]
[C:-220,3,13,0 up(A,B,read) :- wardU(A,oncward), patientR(B,oncpat2).]
[C:-195,6,26,0 up(A,B,read) :- wardU(A,oncward), wardR(B,oncward).]
[C:-135,6,18,0 up(A,B,read) :- wardU(A,oncward), wardR(B,oncward), typeR(B,hritem).]
[C:-144,6,18,0 up(A,B,read) :- wardU(A,oncward), wardR(B,oncward), typeR(B,hritem), wardU_equals_wardR(A,B).]
[C:-203,6,26,0 up(A,B,read) :- wardU(A,oncward), wardR(B,oncward), wardU_equals_wardR(A,B).]
[C:-331,6,42,0 up(A,B,read) :- wardU(A,oncward), typeR(B,hritem).]
[C:-135,6,18,0 up(A,B,read) :- wardU(A,oncward), typeR(B,hritem), wardU_equals_wardR(A,B).]
[C:1,3,0,0 up(A,B,read) :- wardU(A,oncward), uidU_equals_authorR(A,B).]
[C:-195,6,26,0 up(A,B,read) :- wardU(A,oncward), wardU_equals_wardR(A,B).]
[C:-385,9,75,0 up(A,B,read) :- treatingTeamR(B,oncteam2).]
[C:-390,9,75,0 up(A,B,read) :- treatingTeamR(B,oncteam2), patientR(B,oncpat2).]
[C:-390,9,75,0 up(A,B,read) :- treatingTeamR(B,oncteam2), wardR(B,oncward).]
[C:-271,9,54,0 up(A,B,read) :- treatingTeamR(B,oncteam2), typeR(B,hritem).]
[C:1,3,0,0 up(A,B,read) :- treatingTeamR(B,oncteam2), uidU_equals_authorR(A,B).]
[C:-220,3,13,0 up(A,B,read) :- treatingTeamR(B,oncteam2), wardU_equals_wardR(A,B).]
[C:-396,9,75,0 up(A,B,read) :- treatingTeamR(B,oncteam2), patientR(B,oncpat2), wardR(B,oncward).]
[C:-277,9,54,0 up(A,B,read) :- treatingTeamR(B,oncteam2), patientR(B,oncpat2), typeR(B,hritem).]
[C:-277,9,54,0 up(A,B,read) :- treatingTeamR(B,oncteam2), wardR(B,oncward), typeR(B,hritem).]
[C:-283,9,54,0 up(A,B,read) :- treatingTeamR(B,oncteam2), patientR(B,oncpat2), wardR(B,oncward), typeR(B,hritem).]
[C:-484,2,19,0 up(A,B,read) :- authorR(B,oncnurse1).]
[C:-446,8,76,0 up(A,B,read) :- topicsR(B,nursing).]
[C:-471,4,38,0 up(A,B,read) :- topicsR(B,nursing), wardR(B,oncward).]
[C:-452,8,76,0 up(A,B,read) :- topicsR(B,nursing), typeR(B,hritem).]
[C:13,4,0,0 up(A,B,read) :- topicsR(B,nursing), uidU_equals_authorR(A,B).]
[C:-19,8,8,0 up(A,B,read) :- topicsR(B,nursing), wardU_equals_wardR(A,B).]
[C:1,4,0,0 up(A,B,read) :- topicsR(B,nursing), typeR(B,hritem), uidU_equals_authorR(A,B).]
[C:-25,8,8,0 up(A,B,read) :- topicsR(B,nursing), typeR(B,hritem), wardU_equals_wardR(A,B).]
[C:-484,4,38,0 up(A,B,read) :- topicsR(B,nursing), wardR(B,oncward), typeR(B,hritem).]
[C:-50,4,4,0 up(A,B,read) :- topicsR(B,nursing), wardR(B,oncward), wardU_equals_wardR(A,B).]
[C:-385,9,75,0 up(A,B,read) :- patientR(B,oncpat2).]
[C:-390,9,75,0 up(A,B,read) :- patientR(B,oncpat2), wardR(B,oncward).]
[C:-271,9,54,0 up(A,B,read) :- patientR(B,oncpat2), typeR(B,hritem).]
[C:1,3,0,0 up(A,B,read) :- patientR(B,oncpat2), uidU_equals_authorR(A,B).]
[C:-220,3,13,0 up(A,B,read) :- patientR(B,oncpat2), wardU_equals_wardR(A,B).]
[C:-277,9,54,0 up(A,B,read) :- patientR(B,oncpat2), wardR(B,oncward), typeR(B,hritem).]
[C:-517,14,154,0 up(A,B,read) :- wardR(B,oncward).]
[C:-367,14,112,0 up(A,B,read) :- wardR(B,oncward), typeR(B,hritem).]
[C:18,6,0,0 up(A,B,read) :- wardR(B,oncward), typeR(B,hritem), uidU_equals_authorR(A,B).]
[C:-135,6,18,0 up(A,B,read) :- wardR(B,oncward), typeR(B,hritem), wardU_equals_wardR(A,B).]
[C:26,6,0,0 up(A,B,read) :- wardR(B,oncward), uidU_equals_authorR(A,B).]
[C:-195,6,26,0 up(A,B,read) :- wardR(B,oncward), wardU_equals_wardR(A,B).]
[C:-484,2,19,0 up(A,B,read) :- ridR(B,oncpat2nursingitem).]
[C:-396,26,226,0 up(A,B,read) :- typeR(B,hritem).]
[C:39,12,0,0 up(A,B,read) :- typeR(B,hritem), uidU_equals_authorR(A,B).]
[C:-114,12,36,0 up(A,B,read) :- typeR(B,hritem), wardU_equals_wardR(A,B).]
[C:43,12,0,0 up(A,B,read) :- uidU_equals_authorR(A,B).]
[C:-178,12,52,0 up(A,B,read) :- wardU_equals_wardR(A,B).]
[70 explored search nodes]
f=43,p=12,n=0,h=0
[Result of search is]

up(A,B,read) :- uidU_equals_authorR(A,B).

[12 redundant clauses retracted]
[Generalising up(oncnurse1,oncpat1nursingitem,read).]
[Most specific clause is]

up(A,B,read) :- positionU(A,nurse), uidU(A,oncnurse1), wardU(A,
	oncward), treatingTeamR(B,oncteam1), authorR(B,oncnurse2),
	topicsR(B,nursing), patientR(B,oncpat1), wardR(B,oncward),
	ridR(B,oncpat1nursingitem), typeR(B,hritem), wardU_equals_wardR(A,
	B).

[C:-940,16,310,0 up(A,B,read).]
[C:-688,4,56,0 up(A,B,read) :- positionU(A,nurse).]
[C:-89,4,8,0 up(A,B,read) :- positionU(A,nurse), topicsR(B,nursing).]
[C:-101,4,8,0 up(A,B,read) :- positionU(A,nurse), topicsR(B,nursing), typeR(B,hritem).]
[C:1,4,0,0 up(A,B,read) :- positionU(A,nurse), topicsR(B,nursing), wardU_equals_wardR(A,B).]
[C:-497,4,40,0 up(A,B,read) :- positionU(A,nurse), typeR(B,hritem).]
[C:-203,4,16,0 up(A,B,read) :- positionU(A,nurse), typeR(B,hritem), wardU_equals_wardR(A,B).]
[C:-293,4,24,0 up(A,B,read) :- positionU(A,nurse), wardU_equals_wardR(A,B).]
[C:-968,3,58,0 up(A,B,read) :- wardU(A,oncward).]
[C:-2014,2,79,0 up(A,B,read) :- treatingTeamR(B,oncteam1).]
[C:-943,4,76,0 up(A,B,read) :- topicsR(B,nursing).]
[C:-2014,2,79,0 up(A,B,read) :- patientR(B,oncpat1).]
[C:-943,8,154,0 up(A,B,read) :- wardR(B,oncward).]
[C:-779,14,226,0 up(A,B,read) :- typeR(B,hritem).]
[C:-280,6,36,0 up(A,B,read) :- typeR(B,hritem), wardU_equals_wardR(A,B).]
[C:-407,6,52,0 up(A,B,read) :- wardU_equals_wardR(A,B).]
[C:-682,8,112,0 up(A,B,read) :- wardR(B,oncward), typeR(B,hritem).]
[C:-441,3,26,0 up(A,B,read) :- wardR(B,oncward), wardU_equals_wardR(A,B).]
[C:-956,4,76,0 up(A,B,read) :- topicsR(B,nursing), typeR(B,hritem).]
[C:-89,4,8,0 up(A,B,read) :- topicsR(B,nursing), wardU_equals_wardR(A,B).]
[C:-101,4,8,0 up(A,B,read) :- topicsR(B,nursing), typeR(B,hritem), wardU_equals_wardR(A,B).]
[C:-441,3,26,0 up(A,B,read) :- wardU(A,oncward), wardR(B,oncward).]
[C:-713,3,42,0 up(A,B,read) :- wardU(A,oncward), typeR(B,hritem).]
[C:-441,3,26,0 up(A,B,read) :- wardU(A,oncward), wardU_equals_wardR(A,B).]
[24 explored search nodes]
f=1,p=4,n=0,h=0
[Result of search is]

up(A,B,read) :- positionU(A,nurse), topicsR(B,nursing), wardU_equals_wardR(A,
	B).

[4 redundant clauses retracted]
[Generalising up(oncnurse1,oncpat2hr,additem).]
[Most specific clause is]

up(A,B,additem) :- positionU(A,nurse), uidU(A,oncnurse1), wardU(A,
	oncward), treatingTeamR(B,oncteam2), patientR(B,oncpat2),
	wardR(B,oncward), ridR(B,oncpat2hr), typeR(B,hr), teamsU_superset_topicsR(A,
	B), specialtiesU_superset_topicsR(A,B), agentForU_superset_topicsR(A,
	B), wardU_equals_wardR(A,B).

[C:-908,17,319,0 up(A,B,additem).]
[C:-318,8,56,0 up(A,B,additem) :- positionU(A,nurse).]
[C:-344,4,28,0 up(A,B,additem) :- positionU(A,nurse), wardU(A,oncward).]
[C:-344,4,28,0 up(A,B,additem) :- positionU(A,nurse), wardR(B,oncward).]
[C:-19,8,8,0 up(A,B,additem) :- positionU(A,nurse), typeR(B,hr).]
[C:-25,8,8,0 up(A,B,additem) :- positionU(A,nurse), typeR(B,hr), teamsU_superset_topicsR(A,B).]
[C:-25,8,8,0 up(A,B,additem) :- positionU(A,nurse), typeR(B,hr), specialtiesU_superset_topicsR(A,B).]
[C:-25,8,8,0 up(A,B,additem) :- positionU(A,nurse), typeR(B,hr), agentForU_superset_topicsR(A,B).]
[C:26,8,0,0 up(A,B,additem) :- positionU(A,nurse), typeR(B,hr), wardU_equals_wardR(A,B).]
[C:-19,8,8,0 up(A,B,additem) :- positionU(A,nurse), teamsU_superset_topicsR(A,B).]
[C:-25,8,8,0 up(A,B,additem) :- positionU(A,nurse), teamsU_superset_topicsR(A,B), specialtiesU_superset_topicsR(A,B).]
[C:-25,8,8,0 up(A,B,additem) :- positionU(A,nurse), teamsU_superset_topicsR(A,B), agentForU_superset_topicsR(A,B).]
[C:26,8,0,0 up(A,B,additem) :- positionU(A,nurse), teamsU_superset_topicsR(A,B), wardU_equals_wardR(A,B).]
[C:20,8,0,0 up(A,B,additem) :- positionU(A,nurse), teamsU_superset_topicsR(A,B), agentForU_superset_topicsR(A,B), wardU_equals_wardR(A,B).]
[C:-31,8,8,0 up(A,B,additem) :- positionU(A,nurse), teamsU_superset_topicsR(A,B), specialtiesU_superset_topicsR(A,B), agentForU_superset_topicsR(A,B).]
[C:20,8,0,0 up(A,B,additem) :- positionU(A,nurse), teamsU_superset_topicsR(A,B), specialtiesU_superset_topicsR(A,B), wardU_equals_wardR(A,B).]
[C:13,8,0,0 up(A,B,additem) :- positionU(A,nurse), teamsU_superset_topicsR(A,B), specialtiesU_superset_topicsR(A,B), agentForU_superset_topicsR(A,B), wardU_equals_wardR(A,B).]
[C:-19,8,8,0 up(A,B,additem) :- positionU(A,nurse), specialtiesU_superset_topicsR(A,B).]
[C:-25,8,8,0 up(A,B,additem) :- positionU(A,nurse), specialtiesU_superset_topicsR(A,B), agentForU_superset_topicsR(A,B).]
[C:26,8,0,0 up(A,B,additem) :- positionU(A,nurse), specialtiesU_superset_topicsR(A,B), wardU_equals_wardR(A,B).]
[C:20,8,0,0 up(A,B,additem) :- positionU(A,nurse), specialtiesU_superset_topicsR(A,B), agentForU_superset_topicsR(A,B), wardU_equals_wardR(A,B).]
[C:-19,8,8,0 up(A,B,additem) :- positionU(A,nurse), agentForU_superset_topicsR(A,B).]
[C:26,8,0,0 up(A,B,additem) :- positionU(A,nurse), agentForU_superset_topicsR(A,B), wardU_equals_wardR(A,B).]
[C:-121,8,24,0 up(A,B,additem) :- positionU(A,nurse), wardU_equals_wardR(A,B).]
[C:-356,2,14,0 up(A,B,additem) :- uidU(A,oncnurse1).]
[C:-739,4,60,0 up(A,B,additem) :- wardU(A,oncward).]
[C:-344,4,28,0 up(A,B,additem) :- wardU(A,oncward), wardR(B,oncward).]
[C:-50,4,4,0 up(A,B,additem) :- wardU(A,oncward), wardR(B,oncward), typeR(B,hr).]
[C:-50,4,4,0 up(A,B,additem) :- wardU(A,oncward), wardR(B,oncward), teamsU_superset_topicsR(A,B).]
[C:-50,4,4,0 up(A,B,additem) :- wardU(A,oncward), wardR(B,oncward), specialtiesU_superset_topicsR(A,B).]
[C:-50,4,4,0 up(A,B,additem) :- wardU(A,oncward), wardR(B,oncward), agentForU_superset_topicsR(A,B).]
[C:-356,4,28,0 up(A,B,additem) :- wardU(A,oncward), wardR(B,oncward), wardU_equals_wardR(A,B).]
[C:-140,4,12,0 up(A,B,additem) :- wardU(A,oncward), typeR(B,hr).]
[C:-152,4,12,0 up(A,B,additem) :- wardU(A,oncward), typeR(B,hr), teamsU_superset_topicsR(A,B).]
[C:-152,4,12,0 up(A,B,additem) :- wardU(A,oncward), typeR(B,hr), specialtiesU_superset_topicsR(A,B).]
[C:-152,4,12,0 up(A,B,additem) :- wardU(A,oncward), typeR(B,hr), agentForU_superset_topicsR(A,B).]
[C:-50,4,4,0 up(A,B,additem) :- wardU(A,oncward), typeR(B,hr), wardU_equals_wardR(A,B).]
[C:-140,4,12,0 up(A,B,additem) :- wardU(A,oncward), teamsU_superset_topicsR(A,B).]
[C:-152,4,12,0 up(A,B,additem) :- wardU(A,oncward), teamsU_superset_topicsR(A,B), specialtiesU_superset_topicsR(A,B).]
[C:-152,4,12,0 up(A,B,additem) :- wardU(A,oncward), teamsU_superset_topicsR(A,B), agentForU_superset_topicsR(A,B).]
[C:-50,4,4,0 up(A,B,additem) :- wardU(A,oncward), teamsU_superset_topicsR(A,B), wardU_equals_wardR(A,B).]
[C:-140,4,12,0 up(A,B,additem) :- wardU(A,oncward), specialtiesU_superset_topicsR(A,B).]
[C:-152,4,12,0 up(A,B,additem) :- wardU(A,oncward), specialtiesU_superset_topicsR(A,B), agentForU_superset_topicsR(A,B).]
[C:-50,4,4,0 up(A,B,additem) :- wardU(A,oncward), specialtiesU_superset_topicsR(A,B), wardU_equals_wardR(A,B).]
[C:-140,4,12,0 up(A,B,additem) :- wardU(A,oncward), agentForU_superset_topicsR(A,B).]
[C:-50,4,4,0 up(A,B,additem) :- wardU(A,oncward), agentForU_superset_topicsR(A,B), wardU_equals_wardR(A,B).]
[C:-344,4,28,0 up(A,B,additem) :- wardU(A,oncward), wardU_equals_wardR(A,B).]
[C:-775,5,79,0 up(A,B,additem) :- treatingTeamR(B,oncteam2).]
[C:-785,5,79,0 up(A,B,additem) :- treatingTeamR(B,oncteam2), patientR(B,oncpat2).]
[C:-785,5,79,0 up(A,B,additem) :- treatingTeamR(B,oncteam2), wardR(B,oncward).]
[C:-142,5,16,0 up(A,B,additem) :- treatingTeamR(B,oncteam2), ridR(B,oncpat2hr).]
[C:-152,5,16,0 up(A,B,additem) :- treatingTeamR(B,oncteam2), ridR(B,oncpat2hr), typeR(B,hr).]
[C:-152,5,16,0 up(A,B,additem) :- treatingTeamR(B,oncteam2), ridR(B,oncpat2hr), teamsU_superset_topicsR(A,B).]
[C:-152,5,16,0 up(A,B,additem) :- treatingTeamR(B,oncteam2), ridR(B,oncpat2hr), specialtiesU_superset_topicsR(A,B).]
[C:-152,5,16,0 up(A,B,additem) :- treatingTeamR(B,oncteam2), ridR(B,oncpat2hr), agentForU_superset_topicsR(A,B).]
[C:-163,5,16,0 up(A,B,additem) :- treatingTeamR(B,oncteam2), ridR(B,oncpat2hr), specialtiesU_superset_topicsR(A,B), agentForU_superset_topicsR(A,B).]
[C:-163,5,16,0 up(A,B,additem) :- treatingTeamR(B,oncteam2), ridR(B,oncpat2hr), teamsU_superset_topicsR(A,B), specialtiesU_superset_topicsR(A,B).]
[C:-163,5,16,0 up(A,B,additem) :- treatingTeamR(B,oncteam2), ridR(B,oncpat2hr), teamsU_superset_topicsR(A,B), agentForU_superset_topicsR(A,B).]
[C:-163,5,16,0 up(A,B,additem) :- treatingTeamR(B,oncteam2), ridR(B,oncpat2hr), typeR(B,hr), teamsU_superset_topicsR(A,B).]
[C:-163,5,16,0 up(A,B,additem) :- treatingTeamR(B,oncteam2), ridR(B,oncpat2hr), typeR(B,hr), specialtiesU_superset_topicsR(A,B).]
[C:-163,5,16,0 up(A,B,additem) :- treatingTeamR(B,oncteam2), ridR(B,oncpat2hr), typeR(B,hr), agentForU_superset_topicsR(A,B).]
[C:-142,5,16,0 up(A,B,additem) :- treatingTeamR(B,oncteam2), typeR(B,hr).]
[C:-152,5,16,0 up(A,B,additem) :- treatingTeamR(B,oncteam2), typeR(B,hr), teamsU_superset_topicsR(A,B).]
[C:-152,5,16,0 up(A,B,additem) :- treatingTeamR(B,oncteam2), typeR(B,hr), specialtiesU_superset_topicsR(A,B).]
[C:-152,5,16,0 up(A,B,additem) :- treatingTeamR(B,oncteam2), typeR(B,hr), agentForU_superset_topicsR(A,B).]
[C:-163,5,16,0 up(A,B,additem) :- treatingTeamR(B,oncteam2), typeR(B,hr), specialtiesU_superset_topicsR(A,B), agentForU_superset_topicsR(A,B).]
[C:-163,5,16,0 up(A,B,additem) :- treatingTeamR(B,oncteam2), typeR(B,hr), teamsU_superset_topicsR(A,B), specialtiesU_superset_topicsR(A,B).]
[C:-163,5,16,0 up(A,B,additem) :- treatingTeamR(B,oncteam2), typeR(B,hr), teamsU_superset_topicsR(A,B), agentForU_superset_topicsR(A,B).]
[C:-142,5,16,0 up(A,B,additem) :- treatingTeamR(B,oncteam2), teamsU_superset_topicsR(A,B).]
[C:-152,5,16,0 up(A,B,additem) :- treatingTeamR(B,oncteam2), teamsU_superset_topicsR(A,B), specialtiesU_superset_topicsR(A,B).]
[C:-152,5,16,0 up(A,B,additem) :- treatingTeamR(B,oncteam2), teamsU_superset_topicsR(A,B), agentForU_superset_topicsR(A,B).]
[C:-163,5,16,0 up(A,B,additem) :- treatingTeamR(B,oncteam2), teamsU_superset_topicsR(A,B), specialtiesU_superset_topicsR(A,B), agentForU_superset_topicsR(A,B).]
[C:-193,5,21,0 up(A,B,additem) :- treatingTeamR(B,oncteam2), specialtiesU_superset_topicsR(A,B).]
[C:-152,5,16,0 up(A,B,additem) :- treatingTeamR(B,oncteam2), specialtiesU_superset_topicsR(A,B), agentForU_superset_topicsR(A,B).]
[C:-142,5,16,0 up(A,B,additem) :- treatingTeamR(B,oncteam2), agentForU_superset_topicsR(A,B).]
[C:-795,5,79,0 up(A,B,additem) :- treatingTeamR(B,oncteam2), patientR(B,oncpat2), wardR(B,oncward).]
[C:-152,5,16,0 up(A,B,additem) :- treatingTeamR(B,oncteam2), patientR(B,oncpat2), ridR(B,oncpat2hr).]
[C:-163,5,16,0 up(A,B,additem) :- treatingTeamR(B,oncteam2), patientR(B,oncpat2), ridR(B,oncpat2hr), typeR(B,hr).]
[C:-163,5,16,0 up(A,B,additem) :- treatingTeamR(B,oncteam2), patientR(B,oncpat2), ridR(B,oncpat2hr), teamsU_superset_topicsR(A,B).]
[C:-163,5,16,0 up(A,B,additem) :- treatingTeamR(B,oncteam2), patientR(B,oncpat2), ridR(B,oncpat2hr), specialtiesU_superset_topicsR(A,B).]
[C:-163,5,16,0 up(A,B,additem) :- treatingTeamR(B,oncteam2), patientR(B,oncpat2), ridR(B,oncpat2hr), agentForU_superset_topicsR(A,B).]
[C:-152,5,16,0 up(A,B,additem) :- treatingTeamR(B,oncteam2), patientR(B,oncpat2), typeR(B,hr).]
[C:-163,5,16,0 up(A,B,additem) :- treatingTeamR(B,oncteam2), patientR(B,oncpat2), typeR(B,hr), teamsU_superset_topicsR(A,B).]
[C:-163,5,16,0 up(A,B,additem) :- treatingTeamR(B,oncteam2), patientR(B,oncpat2), typeR(B,hr), specialtiesU_superset_topicsR(A,B).]
[C:-163,5,16,0 up(A,B,additem) :- treatingTeamR(B,oncteam2), patientR(B,oncpat2), typeR(B,hr), agentForU_superset_topicsR(A,B).]
[C:-152,5,16,0 up(A,B,additem) :- treatingTeamR(B,oncteam2), patientR(B,oncpat2), teamsU_superset_topicsR(A,B).]
[C:-163,5,16,0 up(A,B,additem) :- treatingTeamR(B,oncteam2), patientR(B,oncpat2), teamsU_superset_topicsR(A,B), specialtiesU_superset_topicsR(A,B).]
[C:-163,5,16,0 up(A,B,additem) :- treatingTeamR(B,oncteam2), patientR(B,oncpat2), teamsU_superset_topicsR(A,B), agentForU_superset_topicsR(A,B).]
[C:-203,5,21,0 up(A,B,additem) :- treatingTeamR(B,oncteam2), patientR(B,oncpat2), specialtiesU_superset_topicsR(A,B).]
[C:-163,5,16,0 up(A,B,additem) :- treatingTeamR(B,oncteam2), patientR(B,oncpat2), specialtiesU_superset_topicsR(A,B), agentForU_superset_topicsR(A,B).]
[C:-152,5,16,0 up(A,B,additem) :- treatingTeamR(B,oncteam2), patientR(B,oncpat2), agentForU_superset_topicsR(A,B).]
[C:-152,5,16,0 up(A,B,additem) :- treatingTeamR(B,oncteam2), wardR(B,oncward), ridR(B,oncpat2hr).]
[C:-163,5,16,0 up(A,B,additem) :- treatingTeamR(B,oncteam2), wardR(B,oncward), ridR(B,oncpat2hr), typeR(B,hr).]
[C:-163,5,16,0 up(A,B,additem) :- treatingTeamR(B,oncteam2), wardR(B,oncward), ridR(B,oncpat2hr), teamsU_superset_topicsR(A,B).]
[C:-163,5,16,0 up(A,B,additem) :- treatingTeamR(B,oncteam2), wardR(B,oncward), ridR(B,oncpat2hr), specialtiesU_superset_topicsR(A,B).]
[C:-163,5,16,0 up(A,B,additem) :- treatingTeamR(B,oncteam2), wardR(B,oncward), ridR(B,oncpat2hr), agentForU_superset_topicsR(A,B).]
[C:-152,5,16,0 up(A,B,additem) :- treatingTeamR(B,oncteam2), wardR(B,oncward), typeR(B,hr).]
[C:-163,5,16,0 up(A,B,additem) :- treatingTeamR(B,oncteam2), wardR(B,oncward), typeR(B,hr), teamsU_superset_topicsR(A,B).]
[C:-163,5,16,0 up(A,B,additem) :- treatingTeamR(B,oncteam2), wardR(B,oncward), typeR(B,hr), specialtiesU_superset_topicsR(A,B).]
[C:-163,5,16,0 up(A,B,additem) :- treatingTeamR(B,oncteam2), wardR(B,oncward), typeR(B,hr), agentForU_superset_topicsR(A,B).]
[C:-152,5,16,0 up(A,B,additem) :- treatingTeamR(B,oncteam2), wardR(B,oncward), teamsU_superset_topicsR(A,B).]
[C:-163,5,16,0 up(A,B,additem) :- treatingTeamR(B,oncteam2), wardR(B,oncward), teamsU_superset_topicsR(A,B), specialtiesU_superset_topicsR(A,B).]
[C:-163,5,16,0 up(A,B,additem) :- treatingTeamR(B,oncteam2), wardR(B,oncward), teamsU_superset_topicsR(A,B), agentForU_superset_topicsR(A,B).]
[C:-203,5,21,0 up(A,B,additem) :- treatingTeamR(B,oncteam2), wardR(B,oncward), specialtiesU_superset_topicsR(A,B).]
[C:-163,5,16,0 up(A,B,additem) :- treatingTeamR(B,oncteam2), wardR(B,oncward), specialtiesU_superset_topicsR(A,B), agentForU_superset_topicsR(A,B).]
[C:-152,5,16,0 up(A,B,additem) :- treatingTeamR(B,oncteam2), wardR(B,oncward), agentForU_superset_topicsR(A,B).]
[C:-163,5,16,0 up(A,B,additem) :- treatingTeamR(B,oncteam2), patientR(B,oncpat2), wardR(B,oncward), ridR(B,oncpat2hr).]
[C:-163,5,16,0 up(A,B,additem) :- treatingTeamR(B,oncteam2), patientR(B,oncpat2), wardR(B,oncward), typeR(B,hr).]
[C:-163,5,16,0 up(A,B,additem) :- treatingTeamR(B,oncteam2), patientR(B,oncpat2), wardR(B,oncward), teamsU_superset_topicsR(A,B).]
[C:-214,5,21,0 up(A,B,additem) :- treatingTeamR(B,oncteam2), patientR(B,oncpat2), wardR(B,oncward), specialtiesU_superset_topicsR(A,B).]
[C:-163,5,16,0 up(A,B,additem) :- treatingTeamR(B,oncteam2), patientR(B,oncpat2), wardR(B,oncward), agentForU_superset_topicsR(A,B).]
[C:-775,5,79,0 up(A,B,additem) :- patientR(B,oncpat2).]
[C:-785,5,79,0 up(A,B,additem) :- patientR(B,oncpat2), wardR(B,oncward).]
[C:-142,5,16,0 up(A,B,additem) :- patientR(B,oncpat2), ridR(B,oncpat2hr).]
[C:-152,5,16,0 up(A,B,additem) :- patientR(B,oncpat2), ridR(B,oncpat2hr), typeR(B,hr).]
[C:-152,5,16,0 up(A,B,additem) :- patientR(B,oncpat2), ridR(B,oncpat2hr), teamsU_superset_topicsR(A,B).]
[C:-152,5,16,0 up(A,B,additem) :- patientR(B,oncpat2), ridR(B,oncpat2hr), specialtiesU_superset_topicsR(A,B).]
[C:-152,5,16,0 up(A,B,additem) :- patientR(B,oncpat2), ridR(B,oncpat2hr), agentForU_superset_topicsR(A,B).]
[C:-163,5,16,0 up(A,B,additem) :- patientR(B,oncpat2), ridR(B,oncpat2hr), teamsU_superset_topicsR(A,B), specialtiesU_superset_topicsR(A,B).]
[C:-163,5,16,0 up(A,B,additem) :- patientR(B,oncpat2), ridR(B,oncpat2hr), teamsU_superset_topicsR(A,B), agentForU_superset_topicsR(A,B).]
[C:-163,5,16,0 up(A,B,additem) :- patientR(B,oncpat2), ridR(B,oncpat2hr), specialtiesU_superset_topicsR(A,B), agentForU_superset_topicsR(A,B).]
[C:-163,5,16,0 up(A,B,additem) :- patientR(B,oncpat2), ridR(B,oncpat2hr), typeR(B,hr), teamsU_superset_topicsR(A,B).]
[C:-163,5,16,0 up(A,B,additem) :- patientR(B,oncpat2), ridR(B,oncpat2hr), typeR(B,hr), specialtiesU_superset_topicsR(A,B).]
[C:-163,5,16,0 up(A,B,additem) :- patientR(B,oncpat2), ridR(B,oncpat2hr), typeR(B,hr), agentForU_superset_topicsR(A,B).]
[C:-142,5,16,0 up(A,B,additem) :- patientR(B,oncpat2), typeR(B,hr).]
[C:-152,5,16,0 up(A,B,additem) :- patientR(B,oncpat2), typeR(B,hr), teamsU_superset_topicsR(A,B).]
[C:-152,5,16,0 up(A,B,additem) :- patientR(B,oncpat2), typeR(B,hr), specialtiesU_superset_topicsR(A,B).]
[C:-152,5,16,0 up(A,B,additem) :- patientR(B,oncpat2), typeR(B,hr), agentForU_superset_topicsR(A,B).]
[C:-163,5,16,0 up(A,B,additem) :- patientR(B,oncpat2), typeR(B,hr), teamsU_superset_topicsR(A,B), specialtiesU_superset_topicsR(A,B).]
[C:-163,5,16,0 up(A,B,additem) :- patientR(B,oncpat2), typeR(B,hr), teamsU_superset_topicsR(A,B), agentForU_superset_topicsR(A,B).]
[C:-163,5,16,0 up(A,B,additem) :- patientR(B,oncpat2), typeR(B,hr), specialtiesU_superset_topicsR(A,B), agentForU_superset_topicsR(A,B).]
[C:-142,5,16,0 up(A,B,additem) :- patientR(B,oncpat2), teamsU_superset_topicsR(A,B).]
[C:-152,5,16,0 up(A,B,additem) :- patientR(B,oncpat2), teamsU_superset_topicsR(A,B), specialtiesU_superset_topicsR(A,B).]
[C:-152,5,16,0 up(A,B,additem) :- patientR(B,oncpat2), teamsU_superset_topicsR(A,B), agentForU_superset_topicsR(A,B).]
[C:-163,5,16,0 up(A,B,additem) :- patientR(B,oncpat2), teamsU_superset_topicsR(A,B), specialtiesU_superset_topicsR(A,B), agentForU_superset_topicsR(A,B).]
[C:-193,5,21,0 up(A,B,additem) :- patientR(B,oncpat2), specialtiesU_superset_topicsR(A,B).]
[C:-152,5,16,0 up(A,B,additem) :- patientR(B,oncpat2), specialtiesU_superset_topicsR(A,B), agentForU_superset_topicsR(A,B).]
[C:-142,5,16,0 up(A,B,additem) :- patientR(B,oncpat2), agentForU_superset_topicsR(A,B).]
[C:-152,5,16,0 up(A,B,additem) :- patientR(B,oncpat2), wardR(B,oncward), ridR(B,oncpat2hr).]
[C:-163,5,16,0 up(A,B,additem) :- patientR(B,oncpat2), wardR(B,oncward), ridR(B,oncpat2hr), typeR(B,hr).]
[C:-163,5,16,0 up(A,B,additem) :- patientR(B,oncpat2), wardR(B,oncward), ridR(B,oncpat2hr), teamsU_superset_topicsR(A,B).]
[C:-163,5,16,0 up(A,B,additem) :- patientR(B,oncpat2), wardR(B,oncward), ridR(B,oncpat2hr), specialtiesU_superset_topicsR(A,B).]
[C:-163,5,16,0 up(A,B,additem) :- patientR(B,oncpat2), wardR(B,oncward), ridR(B,oncpat2hr), agentForU_superset_topicsR(A,B).]
[C:-152,5,16,0 up(A,B,additem) :- patientR(B,oncpat2), wardR(B,oncward), typeR(B,hr).]
[C:-163,5,16,0 up(A,B,additem) :- patientR(B,oncpat2), wardR(B,oncward), typeR(B,hr), teamsU_superset_topicsR(A,B).]
[C:-163,5,16,0 up(A,B,additem) :- patientR(B,oncpat2), wardR(B,oncward), typeR(B,hr), specialtiesU_superset_topicsR(A,B).]
[C:-163,5,16,0 up(A,B,additem) :- patientR(B,oncpat2), wardR(B,oncward), typeR(B,hr), agentForU_superset_topicsR(A,B).]
[C:-152,5,16,0 up(A,B,additem) :- patientR(B,oncpat2), wardR(B,oncward), teamsU_superset_topicsR(A,B).]
[C:-163,5,16,0 up(A,B,additem) :- patientR(B,oncpat2), wardR(B,oncward), teamsU_superset_topicsR(A,B), specialtiesU_superset_topicsR(A,B).]
[C:-163,5,16,0 up(A,B,additem) :- patientR(B,oncpat2), wardR(B,oncward), teamsU_superset_topicsR(A,B), agentForU_superset_topicsR(A,B).]
[C:-203,5,21,0 up(A,B,additem) :- patientR(B,oncpat2), wardR(B,oncward), specialtiesU_superset_topicsR(A,B).]
[C:-163,5,16,0 up(A,B,additem) :- patientR(B,oncpat2), wardR(B,oncward), specialtiesU_superset_topicsR(A,B), agentForU_superset_topicsR(A,B).]
[C:-152,5,16,0 up(A,B,additem) :- patientR(B,oncpat2), wardR(B,oncward), agentForU_superset_topicsR(A,B).]
[C:-764,10,158,0 up(A,B,additem) :- wardR(B,oncward).]
[C:-142,5,16,0 up(A,B,additem) :- wardR(B,oncward), ridR(B,oncpat2hr).]
[C:-152,5,16,0 up(A,B,additem) :- wardR(B,oncward), ridR(B,oncpat2hr), typeR(B,hr).]
[C:-152,5,16,0 up(A,B,additem) :- wardR(B,oncward), ridR(B,oncpat2hr), teamsU_superset_topicsR(A,B).]
[C:-152,5,16,0 up(A,B,additem) :- wardR(B,oncward), ridR(B,oncpat2hr), specialtiesU_superset_topicsR(A,B).]
[C:-152,5,16,0 up(A,B,additem) :- wardR(B,oncward), ridR(B,oncpat2hr), agentForU_superset_topicsR(A,B).]
[C:-163,5,16,0 up(A,B,additem) :- wardR(B,oncward), ridR(B,oncpat2hr), teamsU_superset_topicsR(A,B), specialtiesU_superset_topicsR(A,B).]
[C:-163,5,16,0 up(A,B,additem) :- wardR(B,oncward), ridR(B,oncpat2hr), teamsU_superset_topicsR(A,B), agentForU_superset_topicsR(A,B).]
[C:-163,5,16,0 up(A,B,additem) :- wardR(B,oncward), ridR(B,oncpat2hr), specialtiesU_superset_topicsR(A,B), agentForU_superset_topicsR(A,B).]
[C:-163,5,16,0 up(A,B,additem) :- wardR(B,oncward), ridR(B,oncpat2hr), typeR(B,hr), teamsU_superset_topicsR(A,B).]
[C:-163,5,16,0 up(A,B,additem) :- wardR(B,oncward), ridR(B,oncpat2hr), typeR(B,hr), specialtiesU_superset_topicsR(A,B).]
[C:-163,5,16,0 up(A,B,additem) :- wardR(B,oncward), ridR(B,oncpat2hr), typeR(B,hr), agentForU_superset_topicsR(A,B).]
[C:-127,10,32,0 up(A,B,additem) :- wardR(B,oncward), typeR(B,hr).]
[C:-132,10,32,0 up(A,B,additem) :- wardR(B,oncward), typeR(B,hr), teamsU_superset_topicsR(A,B).]
[C:-132,10,32,0 up(A,B,additem) :- wardR(B,oncward), typeR(B,hr), specialtiesU_superset_topicsR(A,B).]
[C:-132,10,32,0 up(A,B,additem) :- wardR(B,oncward), typeR(B,hr), agentForU_superset_topicsR(A,B).]
[C:-50,4,4,0 up(A,B,additem) :- wardR(B,oncward), typeR(B,hr), wardU_equals_wardR(A,B).]
[C:-137,10,32,0 up(A,B,additem) :- wardR(B,oncward), typeR(B,hr), teamsU_superset_topicsR(A,B), specialtiesU_superset_topicsR(A,B).]
[C:-137,10,32,0 up(A,B,additem) :- wardR(B,oncward), typeR(B,hr), teamsU_superset_topicsR(A,B), agentForU_superset_topicsR(A,B).]
[C:-137,10,32,0 up(A,B,additem) :- wardR(B,oncward), typeR(B,hr), specialtiesU_superset_topicsR(A,B), agentForU_superset_topicsR(A,B).]
[C:-142,10,32,0 up(A,B,additem) :- wardR(B,oncward), typeR(B,hr), teamsU_superset_topicsR(A,B), specialtiesU_superset_topicsR(A,B), agentForU_superset_topicsR(A,B).]
[C:-127,10,32,0 up(A,B,additem) :- wardR(B,oncward), teamsU_superset_topicsR(A,B).]
[C:-132,10,32,0 up(A,B,additem) :- wardR(B,oncward), teamsU_superset_topicsR(A,B), specialtiesU_superset_topicsR(A,B).]
[C:-132,10,32,0 up(A,B,additem) :- wardR(B,oncward), teamsU_superset_topicsR(A,B), agentForU_superset_topicsR(A,B).]
[C:-50,4,4,0 up(A,B,additem) :- wardR(B,oncward), teamsU_superset_topicsR(A,B), wardU_equals_wardR(A,B).]
[C:-137,10,32,0 up(A,B,additem) :- wardR(B,oncward), teamsU_superset_topicsR(A,B), specialtiesU_superset_topicsR(A,B), agentForU_superset_topicsR(A,B).]
[C:-178,10,42,0 up(A,B,additem) :- wardR(B,oncward), specialtiesU_superset_topicsR(A,B).]
[C:-132,10,32,0 up(A,B,additem) :- wardR(B,oncward), specialtiesU_superset_topicsR(A,B), agentForU_superset_topicsR(A,B).]
[C:-50,4,4,0 up(A,B,additem) :- wardR(B,oncward), specialtiesU_superset_topicsR(A,B), wardU_equals_wardR(A,B).]
[C:-127,10,32,0 up(A,B,additem) :- wardR(B,oncward), agentForU_superset_topicsR(A,B).]
[C:-50,4,4,0 up(A,B,additem) :- wardR(B,oncward), agentForU_superset_topicsR(A,B), wardU_equals_wardR(A,B).]
[C:-344,4,28,0 up(A,B,additem) :- wardR(B,oncward), wardU_equals_wardR(A,B).]
[C:-132,5,16,0 up(A,B,additem) :- ridR(B,oncpat2hr).]
[C:-142,5,16,0 up(A,B,additem) :- ridR(B,oncpat2hr), typeR(B,hr).]
[C:-142,5,16,0 up(A,B,additem) :- ridR(B,oncpat2hr), teamsU_superset_topicsR(A,B).]
[C:-142,5,16,0 up(A,B,additem) :- ridR(B,oncpat2hr), specialtiesU_superset_topicsR(A,B).]
[C:-142,5,16,0 up(A,B,additem) :- ridR(B,oncpat2hr), agentForU_superset_topicsR(A,B).]
[C:-152,5,16,0 up(A,B,additem) :- ridR(B,oncpat2hr), specialtiesU_superset_topicsR(A,B), agentForU_superset_topicsR(A,B).]
[C:-152,5,16,0 up(A,B,additem) :- ridR(B,oncpat2hr), typeR(B,hr), teamsU_superset_topicsR(A,B).]
[C:-152,5,16,0 up(A,B,additem) :- ridR(B,oncpat2hr), typeR(B,hr), specialtiesU_superset_topicsR(A,B).]
[C:-152,5,16,0 up(A,B,additem) :- ridR(B,oncpat2hr), typeR(B,hr), agentForU_superset_topicsR(A,B).]
[C:-152,5,16,0 up(A,B,additem) :- ridR(B,oncpat2hr), teamsU_superset_topicsR(A,B), specialtiesU_superset_topicsR(A,B).]
[C:-152,5,16,0 up(A,B,additem) :- ridR(B,oncpat2hr), teamsU_superset_topicsR(A,B), agentForU_superset_topicsR(A,B).]
[C:-163,5,16,0 up(A,B,additem) :- ridR(B,oncpat2hr), typeR(B,hr), specialtiesU_superset_topicsR(A,B), agentForU_superset_topicsR(A,B).]
[C:-163,5,16,0 up(A,B,additem) :- ridR(B,oncpat2hr), teamsU_superset_topicsR(A,B), specialtiesU_superset_topicsR(A,B), agentForU_superset_topicsR(A,B).]
[C:-163,5,16,0 up(A,B,additem) :- ridR(B,oncpat2hr), typeR(B,hr), teamsU_superset_topicsR(A,B), specialtiesU_superset_topicsR(A,B).]
[C:-163,5,16,0 up(A,B,additem) :- ridR(B,oncpat2hr), typeR(B,hr), teamsU_superset_topicsR(A,B), agentForU_superset_topicsR(A,B).]
Resource limit exceeded
[200 explored search nodes]
f=26,p=8,n=0,h=0
[Result of search is]

up(A,B,additem) :- positionU(A,nurse), typeR(B,hr), wardU_equals_wardR(A,
	B).

[8 redundant clauses retracted]
[Generalising up(oncdoc4,oncpat2oncitem,read).]
[Most specific clause is]

up(A,B,read) :- positionU(A,doctor), uidU(A,oncdoc4), teamsU(A,
	oncteam2), specialtiesU(A,oncology), treatingTeamR(B,
	oncteam2), authorR(B,doc1), topicsR(B,oncology), patientR(B,
	oncpat2), wardR(B,oncward), ridR(B,oncpat2oncitem), typeR(B,
	hritem), specialtiesU_superset_topicsR(A,B), teamsU_contains_treatingTeamR(A,
	B).

[C:-940,16,310,0 up(A,B,read).]
[C:-1104,6,134,0 up(A,B,read) :- positionU(A,doctor).]
[C:-730,3,44,0 up(A,B,read) :- teamsU(A,oncteam2).]
[C:-747,3,44,0 up(A,B,read) :- teamsU(A,oncteam2), specialtiesU(A,oncology).]
[C:-152,3,9,0 up(A,B,read) :- teamsU(A,oncteam2), treatingTeamR(B,oncteam2).]
[C:1,3,0,0 up(A,B,read) :- teamsU(A,oncteam2), authorR(B,doc1).]
[C:-33,3,2,0 up(A,B,read) :- teamsU(A,oncteam2), topicsR(B,oncology).]
[C:-152,3,9,0 up(A,B,read) :- teamsU(A,oncteam2), patientR(B,oncpat2).]
[C:-339,3,20,0 up(A,B,read) :- teamsU(A,oncteam2), wardR(B,oncward).]
[C:1,3,0,0 up(A,B,read) :- teamsU(A,oncteam2), ridR(B,oncpat2oncitem).]
[C:-543,3,32,0 up(A,B,read) :- teamsU(A,oncteam2), typeR(B,hritem).]
[C:-237,3,14,0 up(A,B,read) :- teamsU(A,oncteam2), specialtiesU_superset_topicsR(A,B).]
[C:-203,3,12,0 up(A,B,read) :- teamsU(A,oncteam2), teamsU_contains_treatingTeamR(A,B).]
[C:-917,4,74,0 up(A,B,read) :- specialtiesU(A,oncology).]
[C:-271,3,16,0 up(A,B,read) :- specialtiesU(A,oncology), treatingTeamR(B,oncteam2).]
[C:-16,3,1,0 up(A,B,read) :- specialtiesU(A,oncology), authorR(B,doc1).]
[C:-38,4,4,0 up(A,B,read) :- specialtiesU(A,oncology), topicsR(B,oncology).]
[C:-50,4,4,0 up(A,B,read) :- specialtiesU(A,oncology), topicsR(B,oncology), wardR(B,oncward).]
[C:-50,4,4,0 up(A,B,read) :- specialtiesU(A,oncology), topicsR(B,oncology), typeR(B,hritem).]
[C:-50,4,4,0 up(A,B,read) :- specialtiesU(A,oncology), topicsR(B,oncology), specialtiesU_superset_topicsR(A,B).]
[C:1,4,0,0 up(A,B,read) :- specialtiesU(A,oncology), topicsR(B,oncology), teamsU_contains_treatingTeamR(A,B).]
[C:-271,3,16,0 up(A,B,read) :- specialtiesU(A,oncology), patientR(B,oncpat2).]
[C:-420,4,34,0 up(A,B,read) :- specialtiesU(A,oncology), wardR(B,oncward).]
[C:-305,4,24,0 up(A,B,read) :- specialtiesU(A,oncology), wardR(B,oncward), typeR(B,hritem).]
[C:-178,4,14,0 up(A,B,read) :- specialtiesU(A,oncology), wardR(B,oncward), specialtiesU_superset_topicsR(A,B).]
[C:-191,4,15,0 up(A,B,read) :- specialtiesU(A,oncology), wardR(B,oncward), teamsU_contains_treatingTeamR(A,B).]
[C:-16,3,1,0 up(A,B,read) :- specialtiesU(A,oncology), ridR(B,oncpat2oncitem).]
[C:-675,4,54,0 up(A,B,read) :- specialtiesU(A,oncology), typeR(B,hritem).]
[C:-50,4,4,0 up(A,B,read) :- specialtiesU(A,oncology), typeR(B,hritem), specialtiesU_superset_topicsR(A,B).]
[C:-127,4,10,0 up(A,B,read) :- specialtiesU(A,oncology), typeR(B,hritem), teamsU_contains_treatingTeamR(A,B).]
[C:-293,4,24,0 up(A,B,read) :- specialtiesU(A,oncology), specialtiesU_superset_topicsR(A,B).]
[C:-63,4,5,0 up(A,B,read) :- specialtiesU(A,oncology), specialtiesU_superset_topicsR(A,B), teamsU_contains_treatingTeamR(A,B).]
[C:-178,4,15,0 up(A,B,read) :- specialtiesU(A,oncology), teamsU_contains_treatingTeamR(A,B).]
[C:-734,5,75,0 up(A,B,read) :- treatingTeamR(B,oncteam2).]
[C:-288,3,17,0 up(A,B,read) :- treatingTeamR(B,oncteam2), authorR(B,doc1).]
[C:-288,3,17,0 up(A,B,read) :- treatingTeamR(B,oncteam2), topicsR(B,oncology).]
[C:-744,5,75,0 up(A,B,read) :- treatingTeamR(B,oncteam2), patientR(B,oncpat2).]
[C:-744,5,75,0 up(A,B,read) :- treatingTeamR(B,oncteam2), wardR(B,oncward).]
[C:-288,3,17,0 up(A,B,read) :- treatingTeamR(B,oncteam2), ridR(B,oncpat2oncitem).]
[C:-530,5,54,0 up(A,B,read) :- treatingTeamR(B,oncteam2), typeR(B,hritem).]
[C:-373,3,22,0 up(A,B,read) :- treatingTeamR(B,oncteam2), specialtiesU_superset_topicsR(A,B).]
[C:-152,3,9,0 up(A,B,read) :- treatingTeamR(B,oncteam2), teamsU_contains_treatingTeamR(A,B).]
[C:-540,5,54,0 up(A,B,read) :- treatingTeamR(B,oncteam2), wardR(B,oncward), typeR(B,hritem).]
[C:-754,5,75,0 up(A,B,read) :- treatingTeamR(B,oncteam2), patientR(B,oncpat2), wardR(B,oncward).]
[C:-540,5,54,0 up(A,B,read) :- treatingTeamR(B,oncteam2), patientR(B,oncpat2), typeR(B,hritem).]
[C:-550,5,54,0 up(A,B,read) :- treatingTeamR(B,oncteam2), patientR(B,oncpat2), wardR(B,oncward), typeR(B,hritem).]
[C:-271,3,17,0 up(A,B,read) :- authorR(B,doc1).]
[C:-288,3,17,0 up(A,B,read) :- authorR(B,doc1), topicsR(B,oncology).]
[C:-288,3,17,0 up(A,B,read) :- authorR(B,doc1), patientR(B,oncpat2).]
[C:-288,3,17,0 up(A,B,read) :- authorR(B,doc1), wardR(B,oncward).]
[C:-288,3,17,0 up(A,B,read) :- authorR(B,doc1), ridR(B,oncpat2oncitem).]
[C:-288,3,17,0 up(A,B,read) :- authorR(B,doc1), typeR(B,hritem).]
[C:-16,3,1,0 up(A,B,read) :- authorR(B,doc1), specialtiesU_superset_topicsR(A,B).]
[C:1,3,0,0 up(A,B,read) :- authorR(B,doc1), teamsU_contains_treatingTeamR(A,B).]
[C:-433,4,36,0 up(A,B,read) :- topicsR(B,oncology).]
[C:-288,3,17,0 up(A,B,read) :- topicsR(B,oncology), patientR(B,oncpat2).]
[C:-446,4,36,0 up(A,B,read) :- topicsR(B,oncology), wardR(B,oncward).]
[C:-288,3,17,0 up(A,B,read) :- topicsR(B,oncology), ridR(B,oncpat2oncitem).]
[C:-446,4,36,0 up(A,B,read) :- topicsR(B,oncology), typeR(B,hritem).]
[C:-38,4,4,0 up(A,B,read) :- topicsR(B,oncology), specialtiesU_superset_topicsR(A,B).]
[C:1,4,0,0 up(A,B,read) :- topicsR(B,oncology), specialtiesU_superset_topicsR(A,B), teamsU_contains_treatingTeamR(A,B).]
[C:1,4,1,0 up(A,B,read) :- topicsR(B,oncology), teamsU_contains_treatingTeamR(A,B).]
[C:-50,4,4,0 up(A,B,read) :- topicsR(B,oncology), typeR(B,hritem), specialtiesU_superset_topicsR(A,B).]
[C:-12,4,1,0 up(A,B,read) :- topicsR(B,oncology), typeR(B,hritem), teamsU_contains_treatingTeamR(A,B).]
[C:-458,4,36,0 up(A,B,read) :- topicsR(B,oncology), wardR(B,oncward), typeR(B,hritem).]
[C:-50,4,4,0 up(A,B,read) :- topicsR(B,oncology), wardR(B,oncward), specialtiesU_superset_topicsR(A,B).]
[C:-12,4,1,0 up(A,B,read) :- topicsR(B,oncology), wardR(B,oncward), teamsU_contains_treatingTeamR(A,B).]
[C:-734,5,75,0 up(A,B,read) :- patientR(B,oncpat2).]
[C:-744,5,75,0 up(A,B,read) :- patientR(B,oncpat2), wardR(B,oncward).]
[C:-288,3,17,0 up(A,B,read) :- patientR(B,oncpat2), ridR(B,oncpat2oncitem).]
[C:-530,5,54,0 up(A,B,read) :- patientR(B,oncpat2), typeR(B,hritem).]
[C:-373,3,22,0 up(A,B,read) :- patientR(B,oncpat2), specialtiesU_superset_topicsR(A,B).]
[C:-152,3,9,0 up(A,B,read) :- patientR(B,oncpat2), teamsU_contains_treatingTeamR(A,B).]
[C:-540,5,54,0 up(A,B,read) :- patientR(B,oncpat2), wardR(B,oncward), typeR(B,hritem).]
[C:-1274,6,154,0 up(A,B,read) :- wardR(B,oncward).]
[C:-271,3,17,0 up(A,B,read) :- ridR(B,oncpat2oncitem).]
[C:-288,3,17,0 up(A,B,read) :- ridR(B,oncpat2oncitem), typeR(B,hritem).]
[C:-16,3,1,0 up(A,B,read) :- ridR(B,oncpat2oncitem), specialtiesU_superset_topicsR(A,B).]
[C:1,3,0,0 up(A,B,read) :- ridR(B,oncpat2oncitem), teamsU_contains_treatingTeamR(A,B).]
[C:-1111,10,226,0 up(A,B,read) :- typeR(B,hritem).]
[C:-535,8,90,0 up(A,B,read) :- specialtiesU_superset_topicsR(A,B).]
[C:-50,6,9,0 up(A,B,read) :- specialtiesU_superset_topicsR(A,B), teamsU_contains_treatingTeamR(A,B).]
[C:-212,6,29,0 up(A,B,read) :- teamsU_contains_treatingTeamR(A,B).]
[C:-747,3,44,0 up(A,B,read) :- positionU(A,doctor), teamsU(A,oncteam2).]
[C:-930,4,74,0 up(A,B,read) :- positionU(A,doctor), specialtiesU(A,oncology).]
[C:-50,4,4,0 up(A,B,read) :- positionU(A,doctor), specialtiesU(A,oncology), topicsR(B,oncology).]
[C:-433,4,34,0 up(A,B,read) :- positionU(A,doctor), specialtiesU(A,oncology), wardR(B,oncward).]
[C:-688,4,54,0 up(A,B,read) :- positionU(A,doctor), specialtiesU(A,oncology), typeR(B,hritem).]
[C:-305,4,24,0 up(A,B,read) :- positionU(A,doctor), specialtiesU(A,oncology), specialtiesU_superset_topicsR(A,B).]
[C:-191,4,15,0 up(A,B,read) :- positionU(A,doctor), specialtiesU(A,oncology), teamsU_contains_treatingTeamR(A,B).]
[C:-543,3,32,0 up(A,B,read) :- positionU(A,doctor), treatingTeamR(B,oncteam2).]
[C:-84,3,5,0 up(A,B,read) :- positionU(A,doctor), authorR(B,doc1).]
[C:-140,4,12,0 up(A,B,read) :- positionU(A,doctor), topicsR(B,oncology).]
[C:-152,4,12,0 up(A,B,read) :- positionU(A,doctor), topicsR(B,oncology), wardR(B,oncward).]
[C:-152,4,12,0 up(A,B,read) :- positionU(A,doctor), topicsR(B,oncology), typeR(B,hritem).]
[C:-50,4,4,0 up(A,B,read) :- positionU(A,doctor), topicsR(B,oncology), specialtiesU_superset_topicsR(A,B).]
[C:-12,4,1,0 up(A,B,read) :- positionU(A,doctor), topicsR(B,oncology), teamsU_contains_treatingTeamR(A,B).]
[C:-543,3,32,0 up(A,B,read) :- positionU(A,doctor), patientR(B,oncpat2).]
[C:-828,4,66,0 up(A,B,read) :- positionU(A,doctor), wardR(B,oncward).]
[C:-611,4,48,0 up(A,B,read) :- positionU(A,doctor), wardR(B,oncward), typeR(B,hritem).]
[C:-280,4,22,0 up(A,B,read) :- positionU(A,doctor), wardR(B,oncward), specialtiesU_superset_topicsR(A,B).]
[C:-242,4,19,0 up(A,B,read) :- positionU(A,doctor), wardR(B,oncward), teamsU_contains_treatingTeamR(A,B).]
[C:-84,3,5,0 up(A,B,read) :- positionU(A,doctor), ridR(B,oncpat2oncitem).]
[C:-807,6,98,0 up(A,B,read) :- positionU(A,doctor), typeR(B,hritem).]
[C:-33,6,6,0 up(A,B,read) :- positionU(A,doctor), typeR(B,hritem), specialtiesU_superset_topicsR(A,B).]
[C:9,6,0,0 up(A,B,read) :- positionU(A,doctor), typeR(B,hritem), specialtiesU_superset_topicsR(A,B), teamsU_contains_treatingTeamR(A,B).]
[C:-152,6,20,0 up(A,B,read) :- positionU(A,doctor), typeR(B,hritem), teamsU_contains_treatingTeamR(A,B).]
[C:-331,6,42,0 up(A,B,read) :- positionU(A,doctor), specialtiesU_superset_topicsR(A,B).]
[C:-59,6,9,0 up(A,B,read) :- positionU(A,doctor), specialtiesU_superset_topicsR(A,B), teamsU_contains_treatingTeamR(A,B).]
[C:-220,6,29,0 up(A,B,read) :- positionU(A,doctor), teamsU_contains_treatingTeamR(A,B).]
[C:-25,6,6,0 up(A,B,read) :- typeR(B,hritem), specialtiesU_superset_topicsR(A,B).]
[C:18,6,0,0 up(A,B,read) :- typeR(B,hritem), specialtiesU_superset_topicsR(A,B), teamsU_contains_treatingTeamR(A,B).]
[C:-144,6,20,0 up(A,B,read) :- typeR(B,hritem), teamsU_contains_treatingTeamR(A,B).]
[C:-288,3,17,0 up(A,B,read) :- wardR(B,oncward), ridR(B,oncpat2oncitem).]
[C:-926,6,112,0 up(A,B,read) :- wardR(B,oncward), typeR(B,hritem).]
[C:-50,4,4,0 up(A,B,read) :- wardR(B,oncward), typeR(B,hritem), specialtiesU_superset_topicsR(A,B).]
[C:-165,4,13,0 up(A,B,read) :- wardR(B,oncward), typeR(B,hritem), teamsU_contains_treatingTeamR(A,B).]
[C:-573,4,46,0 up(A,B,read) :- wardR(B,oncward), specialtiesU_superset_topicsR(A,B).]
[C:-76,4,6,0 up(A,B,read) :- wardR(B,oncward), specialtiesU_superset_topicsR(A,B), teamsU_contains_treatingTeamR(A,B).]
[C:-229,4,19,0 up(A,B,read) :- wardR(B,oncward), teamsU_contains_treatingTeamR(A,B).]
[120 explored search nodes]
f=18,p=6,n=0,h=0
[Result of search is]

up(A,B,read) :- typeR(B,hritem), specialtiesU_superset_topicsR(A,
	B), teamsU_contains_treatingTeamR(A,B).

[6 redundant clauses retracted]
[Generalising up(oncdoc4,oncpat2hr,additem).]
[Most specific clause is]

up(A,B,additem) :- positionU(A,doctor), uidU(A,oncdoc4), teamsU(A,
	oncteam2), specialtiesU(A,oncology), treatingTeamR(B,
	oncteam2), patientR(B,oncpat2), wardR(B,oncward), ridR(B,
	oncpat2hr), typeR(B,hr), teamsU_superset_topicsR(A,B),
	specialtiesU_superset_topicsR(A,B), agentForU_superset_topicsR(A,
	B), teamsU_contains_treatingTeamR(A,B).

[C:-1204,13,319,0 up(A,B,additem).]
[C:-725,9,135,0 up(A,B,additem) :- positionU(A,doctor).]
[C:-548,4,44,0 up(A,B,additem) :- positionU(A,doctor), teamsU(A,oncteam2).]
[C:-560,4,44,0 up(A,B,additem) :- positionU(A,doctor), teamsU(A,oncteam2), specialtiesU(A,oncology).]
[C:-254,4,20,0 up(A,B,additem) :- positionU(A,doctor), teamsU(A,oncteam2), wardR(B,oncward).]
[C:-101,4,8,0 up(A,B,additem) :- positionU(A,doctor), teamsU(A,oncteam2), typeR(B,hr).]
[C:-101,4,8,0 up(A,B,additem) :- positionU(A,doctor), teamsU(A,oncteam2), teamsU_superset_topicsR(A,B).]
[C:-178,4,14,0 up(A,B,additem) :- positionU(A,doctor), teamsU(A,oncteam2), specialtiesU_superset_topicsR(A,B).]
[C:-101,4,8,0 up(A,B,additem) :- positionU(A,doctor), teamsU(A,oncteam2), agentForU_superset_topicsR(A,B).]
[C:-152,4,12,0 up(A,B,additem) :- positionU(A,doctor), teamsU(A,oncteam2), teamsU_contains_treatingTeamR(A,B).]
[C:-744,5,75,0 up(A,B,additem) :- positionU(A,doctor), specialtiesU(A,oncology).]
[C:-560,3,33,0 up(A,B,additem) :- positionU(A,doctor), treatingTeamR(B,oncteam2).]
[C:-560,3,33,0 up(A,B,additem) :- positionU(A,doctor), patientR(B,oncpat2).]
[C:-535,6,66,0 up(A,B,additem) :- positionU(A,doctor), wardR(B,oncward).]
[C:-84,6,12,0 up(A,B,additem) :- positionU(A,doctor), wardR(B,oncward), typeR(B,hr).]
[C:-93,6,12,0 up(A,B,additem) :- positionU(A,doctor), wardR(B,oncward), typeR(B,hr), teamsU_superset_topicsR(A,B).]
[C:-93,6,12,0 up(A,B,additem) :- positionU(A,doctor), wardR(B,oncward), typeR(B,hr), specialtiesU_superset_topicsR(A,B).]
[C:-93,6,12,0 up(A,B,additem) :- positionU(A,doctor), wardR(B,oncward), typeR(B,hr), agentForU_superset_topicsR(A,B).]
[C:9,6,0,0 up(A,B,additem) :- positionU(A,doctor), wardR(B,oncward), typeR(B,hr), teamsU_contains_treatingTeamR(A,B).]
[C:1,6,0,0 up(A,B,additem) :- positionU(A,doctor), wardR(B,oncward), typeR(B,hr), agentForU_superset_topicsR(A,B), teamsU_contains_treatingTeamR(A,B).]
[C:-101,6,12,0 up(A,B,additem) :- positionU(A,doctor), wardR(B,oncward), typeR(B,hr), teamsU_superset_topicsR(A,B), specialtiesU_superset_topicsR(A,B).]
[C:-101,6,12,0 up(A,B,additem) :- positionU(A,doctor), wardR(B,oncward), typeR(B,hr), teamsU_superset_topicsR(A,B), agentForU_superset_topicsR(A,B).]
[C:1,6,0,0 up(A,B,additem) :- positionU(A,doctor), wardR(B,oncward), typeR(B,hr), teamsU_superset_topicsR(A,B), teamsU_contains_treatingTeamR(A,B).]
[C:-101,6,12,0 up(A,B,additem) :- positionU(A,doctor), wardR(B,oncward), typeR(B,hr), specialtiesU_superset_topicsR(A,B), agentForU_superset_topicsR(A,B).]
[C:1,6,0,0 up(A,B,additem) :- positionU(A,doctor), wardR(B,oncward), typeR(B,hr), specialtiesU_superset_topicsR(A,B), teamsU_contains_treatingTeamR(A,B).]
[C:-84,6,12,0 up(A,B,additem) :- positionU(A,doctor), wardR(B,oncward), teamsU_superset_topicsR(A,B).]
[C:-93,6,12,0 up(A,B,additem) :- positionU(A,doctor), wardR(B,oncward), teamsU_superset_topicsR(A,B), specialtiesU_superset_topicsR(A,B).]
[C:-93,6,12,0 up(A,B,additem) :- positionU(A,doctor), wardR(B,oncward), teamsU_superset_topicsR(A,B), agentForU_superset_topicsR(A,B).]
[C:9,6,0,0 up(A,B,additem) :- positionU(A,doctor), wardR(B,oncward), teamsU_superset_topicsR(A,B), teamsU_contains_treatingTeamR(A,B).]
[C:-101,6,12,0 up(A,B,additem) :- positionU(A,doctor), wardR(B,oncward), teamsU_superset_topicsR(A,B), specialtiesU_superset_topicsR(A,B), agentForU_superset_topicsR(A,B).]
[C:1,6,0,0 up(A,B,additem) :- positionU(A,doctor), wardR(B,oncward), teamsU_superset_topicsR(A,B), specialtiesU_superset_topicsR(A,B), teamsU_contains_treatingTeamR(A,B).]
[C:1,6,0,0 up(A,B,additem) :- positionU(A,doctor), wardR(B,oncward), teamsU_superset_topicsR(A,B), agentForU_superset_topicsR(A,B), teamsU_contains_treatingTeamR(A,B).]
[C:-169,6,22,0 up(A,B,additem) :- positionU(A,doctor), wardR(B,oncward), specialtiesU_superset_topicsR(A,B).]
[C:-93,6,12,0 up(A,B,additem) :- positionU(A,doctor), wardR(B,oncward), specialtiesU_superset_topicsR(A,B), agentForU_superset_topicsR(A,B).]
[C:1,6,0,0 up(A,B,additem) :- positionU(A,doctor), wardR(B,oncward), specialtiesU_superset_topicsR(A,B), agentForU_superset_topicsR(A,B), teamsU_contains_treatingTeamR(A,B).]
[C:-33,6,5,0 up(A,B,additem) :- positionU(A,doctor), wardR(B,oncward), specialtiesU_superset_topicsR(A,B), teamsU_contains_treatingTeamR(A,B).]
[C:-84,6,12,0 up(A,B,additem) :- positionU(A,doctor), wardR(B,oncward), agentForU_superset_topicsR(A,B).]
[C:9,6,0,0 up(A,B,additem) :- positionU(A,doctor), wardR(B,oncward), agentForU_superset_topicsR(A,B), teamsU_contains_treatingTeamR(A,B).]
[C:-135,6,18,0 up(A,B,additem) :- positionU(A,doctor), wardR(B,oncward), teamsU_contains_treatingTeamR(A,B).]
[C:-101,3,6,0 up(A,B,additem) :- positionU(A,doctor), ridR(B,oncpat2hr).]
[C:-118,9,27,0 up(A,B,additem) :- positionU(A,doctor), typeR(B,hr).]
[C:-124,9,27,0 up(A,B,additem) :- positionU(A,doctor), typeR(B,hr), teamsU_superset_topicsR(A,B).]
[C:-124,9,27,0 up(A,B,additem) :- positionU(A,doctor), typeR(B,hr), specialtiesU_superset_topicsR(A,B).]
[C:-124,9,27,0 up(A,B,additem) :- positionU(A,doctor), typeR(B,hr), agentForU_superset_topicsR(A,B).]
[C:29,9,0,0 up(A,B,additem) :- positionU(A,doctor), typeR(B,hr), teamsU_contains_treatingTeamR(A,B).]
[C:-130,9,27,0 up(A,B,additem) :- positionU(A,doctor), typeR(B,hr), specialtiesU_superset_topicsR(A,B), agentForU_superset_topicsR(A,B).]
[C:23,9,0,0 up(A,B,additem) :- positionU(A,doctor), typeR(B,hr), specialtiesU_superset_topicsR(A,B), teamsU_contains_treatingTeamR(A,B).]
[C:-130,9,27,0 up(A,B,additem) :- positionU(A,doctor), typeR(B,hr), teamsU_superset_topicsR(A,B), specialtiesU_superset_topicsR(A,B).]
[C:-130,9,27,0 up(A,B,additem) :- positionU(A,doctor), typeR(B,hr), teamsU_superset_topicsR(A,B), agentForU_superset_topicsR(A,B).]
[C:23,9,0,0 up(A,B,additem) :- positionU(A,doctor), typeR(B,hr), teamsU_superset_topicsR(A,B), teamsU_contains_treatingTeamR(A,B).]
[C:23,9,0,0 up(A,B,additem) :- positionU(A,doctor), typeR(B,hr), agentForU_superset_topicsR(A,B), teamsU_contains_treatingTeamR(A,B).]
[C:18,9,0,0 up(A,B,additem) :- positionU(A,doctor), typeR(B,hr), specialtiesU_superset_topicsR(A,B), agentForU_superset_topicsR(A,B), teamsU_contains_treatingTeamR(A,B).]
[C:-135,9,27,0 up(A,B,additem) :- positionU(A,doctor), typeR(B,hr), teamsU_superset_topicsR(A,B), specialtiesU_superset_topicsR(A,B), agentForU_superset_topicsR(A,B).]
[C:18,9,0,0 up(A,B,additem) :- positionU(A,doctor), typeR(B,hr), teamsU_superset_topicsR(A,B), specialtiesU_superset_topicsR(A,B), teamsU_contains_treatingTeamR(A,B).]
[C:18,9,0,0 up(A,B,additem) :- positionU(A,doctor), typeR(B,hr), teamsU_superset_topicsR(A,B), agentForU_superset_topicsR(A,B), teamsU_contains_treatingTeamR(A,B).]
[C:-118,9,27,0 up(A,B,additem) :- positionU(A,doctor), teamsU_superset_topicsR(A,B).]
[C:-124,9,27,0 up(A,B,additem) :- positionU(A,doctor), teamsU_superset_topicsR(A,B), specialtiesU_superset_topicsR(A,B).]
[C:-124,9,27,0 up(A,B,additem) :- positionU(A,doctor), teamsU_superset_topicsR(A,B), agentForU_superset_topicsR(A,B).]
[C:29,9,0,0 up(A,B,additem) :- positionU(A,doctor), teamsU_superset_topicsR(A,B), teamsU_contains_treatingTeamR(A,B).]
[C:23,9,0,0 up(A,B,additem) :- positionU(A,doctor), teamsU_superset_topicsR(A,B), agentForU_superset_topicsR(A,B), teamsU_contains_treatingTeamR(A,B).]
[C:-130,9,27,0 up(A,B,additem) :- positionU(A,doctor), teamsU_superset_topicsR(A,B), specialtiesU_superset_topicsR(A,B), agentForU_superset_topicsR(A,B).]
[C:23,9,0,0 up(A,B,additem) :- positionU(A,doctor), teamsU_superset_topicsR(A,B), specialtiesU_superset_topicsR(A,B), teamsU_contains_treatingTeamR(A,B).]
[C:18,9,0,0 up(A,B,additem) :- positionU(A,doctor), teamsU_superset_topicsR(A,B), specialtiesU_superset_topicsR(A,B), agentForU_superset_topicsR(A,B), teamsU_contains_treatingTeamR(A,B).]
[C:-209,9,43,0 up(A,B,additem) :- positionU(A,doctor), specialtiesU_superset_topicsR(A,B).]
[C:-124,9,27,0 up(A,B,additem) :- positionU(A,doctor), specialtiesU_superset_topicsR(A,B), agentForU_superset_topicsR(A,B).]
[C:23,9,0,0 up(A,B,additem) :- positionU(A,doctor), specialtiesU_superset_topicsR(A,B), agentForU_superset_topicsR(A,B), teamsU_contains_treatingTeamR(A,B).]
[C:-11,9,7,0 up(A,B,additem) :- positionU(A,doctor), specialtiesU_superset_topicsR(A,B), teamsU_contains_treatingTeamR(A,B).]
[C:-118,9,27,0 up(A,B,additem) :- positionU(A,doctor), agentForU_superset_topicsR(A,B).]
[C:29,9,0,0 up(A,B,additem) :- positionU(A,doctor), agentForU_superset_topicsR(A,B), teamsU_contains_treatingTeamR(A,B).]
[C:-118,9,27,0 up(A,B,additem) :- positionU(A,doctor), teamsU_contains_treatingTeamR(A,B).]
[C:-535,4,44,0 up(A,B,additem) :- teamsU(A,oncteam2).]
[C:-548,4,44,0 up(A,B,additem) :- teamsU(A,oncteam2), specialtiesU(A,oncology).]
[C:-152,3,9,0 up(A,B,additem) :- teamsU(A,oncteam2), treatingTeamR(B,oncteam2).]
[C:-152,3,9,0 up(A,B,additem) :- teamsU(A,oncteam2), patientR(B,oncpat2).]
[C:-242,4,20,0 up(A,B,additem) :- teamsU(A,oncteam2), wardR(B,oncward).]
[C:-25,4,2,0 up(A,B,additem) :- teamsU(A,oncteam2), wardR(B,oncward), typeR(B,hr).]
[C:-25,4,2,0 up(A,B,additem) :- teamsU(A,oncteam2), wardR(B,oncward), teamsU_superset_topicsR(A,B).]
[C:-101,4,8,0 up(A,B,additem) :- teamsU(A,oncteam2), wardR(B,oncward), specialtiesU_superset_topicsR(A,B).]
[C:-25,4,2,0 up(A,B,additem) :- teamsU(A,oncteam2), wardR(B,oncward), agentForU_superset_topicsR(A,B).]
[C:-152,4,12,0 up(A,B,additem) :- teamsU(A,oncteam2), wardR(B,oncward), teamsU_contains_treatingTeamR(A,B).]
[C:1,3,0,0 up(A,B,additem) :- teamsU(A,oncteam2), ridR(B,oncpat2hr).]
[C:-89,4,8,0 up(A,B,additem) :- teamsU(A,oncteam2), typeR(B,hr).]
[C:-101,4,8,0 up(A,B,additem) :- teamsU(A,oncteam2), typeR(B,hr), teamsU_superset_topicsR(A,B).]
[C:-101,4,8,0 up(A,B,additem) :- teamsU(A,oncteam2), typeR(B,hr), specialtiesU_superset_topicsR(A,B).]
[C:-101,4,8,0 up(A,B,additem) :- teamsU(A,oncteam2), typeR(B,hr), agentForU_superset_topicsR(A,B).]
[C:1,4,0,0 up(A,B,additem) :- teamsU(A,oncteam2), typeR(B,hr), teamsU_contains_treatingTeamR(A,B).]
[C:-89,4,8,0 up(A,B,additem) :- teamsU(A,oncteam2), teamsU_superset_topicsR(A,B).]
[C:-101,4,8,0 up(A,B,additem) :- teamsU(A,oncteam2), teamsU_superset_topicsR(A,B), specialtiesU_superset_topicsR(A,B).]
[C:-101,4,8,0 up(A,B,additem) :- teamsU(A,oncteam2), teamsU_superset_topicsR(A,B), agentForU_superset_topicsR(A,B).]
[C:1,4,0,0 up(A,B,additem) :- teamsU(A,oncteam2), teamsU_superset_topicsR(A,B), teamsU_contains_treatingTeamR(A,B).]
[C:-165,4,14,0 up(A,B,additem) :- teamsU(A,oncteam2), specialtiesU_superset_topicsR(A,B).]
[C:-101,4,8,0 up(A,B,additem) :- teamsU(A,oncteam2), specialtiesU_superset_topicsR(A,B), agentForU_superset_topicsR(A,B).]
[C:-50,4,4,0 up(A,B,additem) :- teamsU(A,oncteam2), specialtiesU_superset_topicsR(A,B), teamsU_contains_treatingTeamR(A,B).]
[C:-89,4,8,0 up(A,B,additem) :- teamsU(A,oncteam2), agentForU_superset_topicsR(A,B).]
[C:1,4,0,0 up(A,B,additem) :- teamsU(A,oncteam2), agentForU_superset_topicsR(A,B), teamsU_contains_treatingTeamR(A,B).]
[C:-140,4,12,0 up(A,B,additem) :- teamsU(A,oncteam2), teamsU_contains_treatingTeamR(A,B).]
[C:-254,4,20,0 up(A,B,additem) :- teamsU(A,oncteam2), specialtiesU(A,oncology), wardR(B,oncward).]
[C:-101,4,8,0 up(A,B,additem) :- teamsU(A,oncteam2), specialtiesU(A,oncology), typeR(B,hr).]
[C:-101,4,8,0 up(A,B,additem) :- teamsU(A,oncteam2), specialtiesU(A,oncology), teamsU_superset_topicsR(A,B).]
[C:-178,4,14,0 up(A,B,additem) :- teamsU(A,oncteam2), specialtiesU(A,oncology), specialtiesU_superset_topicsR(A,B).]
[C:-101,4,8,0 up(A,B,additem) :- teamsU(A,oncteam2), specialtiesU(A,oncology), agentForU_superset_topicsR(A,B).]
[C:-152,4,12,0 up(A,B,additem) :- teamsU(A,oncteam2), specialtiesU(A,oncology), teamsU_contains_treatingTeamR(A,B).]
[C:-734,5,75,0 up(A,B,additem) :- specialtiesU(A,oncology).]
[C:-288,3,17,0 up(A,B,additem) :- specialtiesU(A,oncology), treatingTeamR(B,oncteam2).]
[C:-288,3,17,0 up(A,B,additem) :- specialtiesU(A,oncology), patientR(B,oncpat2).]
[C:-336,5,35,0 up(A,B,additem) :- specialtiesU(A,oncology), wardR(B,oncward).]
[C:-40,5,5,0 up(A,B,additem) :- specialtiesU(A,oncology), wardR(B,oncward), typeR(B,hr).]
[C:-50,5,5,0 up(A,B,additem) :- specialtiesU(A,oncology), wardR(B,oncward), typeR(B,hr), teamsU_superset_topicsR(A,B).]
[C:-50,5,5,0 up(A,B,additem) :- specialtiesU(A,oncology), wardR(B,oncward), typeR(B,hr), specialtiesU_superset_topicsR(A,B).]
[C:-50,5,5,0 up(A,B,additem) :- specialtiesU(A,oncology), wardR(B,oncward), typeR(B,hr), agentForU_superset_topicsR(A,B).]
[C:1,5,0,0 up(A,B,additem) :- specialtiesU(A,oncology), wardR(B,oncward), typeR(B,hr), teamsU_contains_treatingTeamR(A,B).]
[C:-40,5,5,0 up(A,B,additem) :- specialtiesU(A,oncology), wardR(B,oncward), teamsU_superset_topicsR(A,B).]
[C:-50,5,5,0 up(A,B,additem) :- specialtiesU(A,oncology), wardR(B,oncward), teamsU_superset_topicsR(A,B), specialtiesU_superset_topicsR(A,B).]
[C:-50,5,5,0 up(A,B,additem) :- specialtiesU(A,oncology), wardR(B,oncward), teamsU_superset_topicsR(A,B), agentForU_superset_topicsR(A,B).]
[C:1,5,0,0 up(A,B,additem) :- specialtiesU(A,oncology), wardR(B,oncward), teamsU_superset_topicsR(A,B), teamsU_contains_treatingTeamR(A,B).]
[C:-142,5,15,0 up(A,B,additem) :- specialtiesU(A,oncology), wardR(B,oncward), specialtiesU_superset_topicsR(A,B).]
[C:-50,5,5,0 up(A,B,additem) :- specialtiesU(A,oncology), wardR(B,oncward), specialtiesU_superset_topicsR(A,B), agentForU_superset_topicsR(A,B).]
[C:-50,5,5,0 up(A,B,additem) :- specialtiesU(A,oncology), wardR(B,oncward), specialtiesU_superset_topicsR(A,B), teamsU_contains_treatingTeamR(A,B).]
[C:-40,5,5,0 up(A,B,additem) :- specialtiesU(A,oncology), wardR(B,oncward), agentForU_superset_topicsR(A,B).]
[C:1,5,0,0 up(A,B,additem) :- specialtiesU(A,oncology), wardR(B,oncward), agentForU_superset_topicsR(A,B), teamsU_contains_treatingTeamR(A,B).]
[C:-142,5,15,0 up(A,B,additem) :- specialtiesU(A,oncology), wardR(B,oncward), teamsU_contains_treatingTeamR(A,B).]
[C:-33,3,2,0 up(A,B,additem) :- specialtiesU(A,oncology), ridR(B,oncpat2hr).]
[C:-132,5,15,0 up(A,B,additem) :- specialtiesU(A,oncology), typeR(B,hr).]
[C:-142,5,15,0 up(A,B,additem) :- specialtiesU(A,oncology), typeR(B,hr), teamsU_superset_topicsR(A,B).]
[C:-142,5,15,0 up(A,B,additem) :- specialtiesU(A,oncology), typeR(B,hr), specialtiesU_superset_topicsR(A,B).]
[C:-142,5,15,0 up(A,B,additem) :- specialtiesU(A,oncology), typeR(B,hr), agentForU_superset_topicsR(A,B).]
[C:11,5,0,0 up(A,B,additem) :- specialtiesU(A,oncology), typeR(B,hr), teamsU_contains_treatingTeamR(A,B).]
[C:-152,5,15,0 up(A,B,additem) :- specialtiesU(A,oncology), typeR(B,hr), specialtiesU_superset_topicsR(A,B), agentForU_superset_topicsR(A,B).]
[C:1,5,0,0 up(A,B,additem) :- specialtiesU(A,oncology), typeR(B,hr), specialtiesU_superset_topicsR(A,B), teamsU_contains_treatingTeamR(A,B).]
[C:1,5,0,0 up(A,B,additem) :- specialtiesU(A,oncology), typeR(B,hr), agentForU_superset_topicsR(A,B), teamsU_contains_treatingTeamR(A,B).]
[C:-152,5,15,0 up(A,B,additem) :- specialtiesU(A,oncology), typeR(B,hr), teamsU_superset_topicsR(A,B), specialtiesU_superset_topicsR(A,B).]
[C:-152,5,15,0 up(A,B,additem) :- specialtiesU(A,oncology), typeR(B,hr), teamsU_superset_topicsR(A,B), agentForU_superset_topicsR(A,B).]
[C:1,5,0,0 up(A,B,additem) :- specialtiesU(A,oncology), typeR(B,hr), teamsU_superset_topicsR(A,B), teamsU_contains_treatingTeamR(A,B).]
[C:-132,5,15,0 up(A,B,additem) :- specialtiesU(A,oncology), teamsU_superset_topicsR(A,B).]
[C:-142,5,15,0 up(A,B,additem) :- specialtiesU(A,oncology), teamsU_superset_topicsR(A,B), specialtiesU_superset_topicsR(A,B).]
[C:-142,5,15,0 up(A,B,additem) :- specialtiesU(A,oncology), teamsU_superset_topicsR(A,B), agentForU_superset_topicsR(A,B).]
[C:11,5,0,0 up(A,B,additem) :- specialtiesU(A,oncology), teamsU_superset_topicsR(A,B), teamsU_contains_treatingTeamR(A,B).]
[C:-152,5,15,0 up(A,B,additem) :- specialtiesU(A,oncology), teamsU_superset_topicsR(A,B), specialtiesU_superset_topicsR(A,B), agentForU_superset_topicsR(A,B).]
[C:1,5,0,0 up(A,B,additem) :- specialtiesU(A,oncology), teamsU_superset_topicsR(A,B), specialtiesU_superset_topicsR(A,B), teamsU_contains_treatingTeamR(A,B).]
[C:1,5,0,0 up(A,B,additem) :- specialtiesU(A,oncology), teamsU_superset_topicsR(A,B), agentForU_superset_topicsR(A,B), teamsU_contains_treatingTeamR(A,B).]
[C:-234,5,25,0 up(A,B,additem) :- specialtiesU(A,oncology), specialtiesU_superset_topicsR(A,B).]
[C:-142,5,15,0 up(A,B,additem) :- specialtiesU(A,oncology), specialtiesU_superset_topicsR(A,B), agentForU_superset_topicsR(A,B).]
[C:1,5,0,0 up(A,B,additem) :- specialtiesU(A,oncology), specialtiesU_superset_topicsR(A,B), agentForU_superset_topicsR(A,B), teamsU_contains_treatingTeamR(A,B).]
[C:-40,5,5,0 up(A,B,additem) :- specialtiesU(A,oncology), specialtiesU_superset_topicsR(A,B), teamsU_contains_treatingTeamR(A,B).]
[C:-132,5,15,0 up(A,B,additem) :- specialtiesU(A,oncology), agentForU_superset_topicsR(A,B).]
[C:11,5,0,0 up(A,B,additem) :- specialtiesU(A,oncology), agentForU_superset_topicsR(A,B), teamsU_contains_treatingTeamR(A,B).]
[C:-132,5,15,0 up(A,B,additem) :- specialtiesU(A,oncology), teamsU_contains_treatingTeamR(A,B).]
[C:-1325,3,79,0 up(A,B,additem) :- treatingTeamR(B,oncteam2).]
[C:-1325,3,79,0 up(A,B,additem) :- patientR(B,oncpat2).]
[C:-1308,6,158,0 up(A,B,additem) :- wardR(B,oncward).]
[C:-254,3,16,0 up(A,B,additem) :- ridR(B,oncpat2hr).]
[C:-271,3,16,0 up(A,B,additem) :- ridR(B,oncpat2hr), typeR(B,hr).]
[C:-271,3,16,0 up(A,B,additem) :- ridR(B,oncpat2hr), teamsU_superset_topicsR(A,B).]
[C:-271,3,16,0 up(A,B,additem) :- ridR(B,oncpat2hr), specialtiesU_superset_topicsR(A,B).]
[C:-271,3,16,0 up(A,B,additem) :- ridR(B,oncpat2hr), agentForU_superset_topicsR(A,B).]
[C:1,3,0,0 up(A,B,additem) :- ridR(B,oncpat2hr), teamsU_contains_treatingTeamR(A,B).]
[C:-219,13,67,0 up(A,B,additem) :- typeR(B,hr).]
[C:-223,13,67,0 up(A,B,additem) :- typeR(B,hr), teamsU_superset_topicsR(A,B).]
[C:-223,13,67,0 up(A,B,additem) :- typeR(B,hr), specialtiesU_superset_topicsR(A,B).]
[C:-223,13,67,0 up(A,B,additem) :- typeR(B,hr), agentForU_superset_topicsR(A,B).]
[C:35,9,0,0 up(A,B,additem) :- typeR(B,hr), teamsU_contains_treatingTeamR(A,B).]
[C:-227,13,67,0 up(A,B,additem) :- typeR(B,hr), specialtiesU_superset_topicsR(A,B), agentForU_superset_topicsR(A,B).]
[C:29,9,0,0 up(A,B,additem) :- typeR(B,hr), specialtiesU_superset_topicsR(A,B), teamsU_contains_treatingTeamR(A,B).]
[C:-227,13,67,0 up(A,B,additem) :- typeR(B,hr), teamsU_superset_topicsR(A,B), specialtiesU_superset_topicsR(A,B).]
[C:-227,13,67,0 up(A,B,additem) :- typeR(B,hr), teamsU_superset_topicsR(A,B), agentForU_superset_topicsR(A,B).]
[C:29,9,0,0 up(A,B,additem) :- typeR(B,hr), teamsU_superset_topicsR(A,B), teamsU_contains_treatingTeamR(A,B).]
[C:29,9,0,0 up(A,B,additem) :- typeR(B,hr), agentForU_superset_topicsR(A,B), teamsU_contains_treatingTeamR(A,B).]
[C:-231,13,67,0 up(A,B,additem) :- typeR(B,hr), teamsU_superset_topicsR(A,B), specialtiesU_superset_topicsR(A,B), agentForU_superset_topicsR(A,B).]
[C:23,9,0,0 up(A,B,additem) :- typeR(B,hr), teamsU_superset_topicsR(A,B), specialtiesU_superset_topicsR(A,B), teamsU_contains_treatingTeamR(A,B).]
[C:23,9,0,0 up(A,B,additem) :- typeR(B,hr), specialtiesU_superset_topicsR(A,B), agentForU_superset_topicsR(A,B), teamsU_contains_treatingTeamR(A,B).]
[C:23,9,0,0 up(A,B,additem) :- typeR(B,hr), teamsU_superset_topicsR(A,B), agentForU_superset_topicsR(A,B), teamsU_contains_treatingTeamR(A,B).]
[C:18,9,0,0 up(A,B,additem) :- typeR(B,hr), teamsU_superset_topicsR(A,B), specialtiesU_superset_topicsR(A,B), agentForU_superset_topicsR(A,B), teamsU_contains_treatingTeamR(A,B).]
[C:-219,13,67,0 up(A,B,additem) :- teamsU_superset_topicsR(A,B).]
[C:-223,13,67,0 up(A,B,additem) :- teamsU_superset_topicsR(A,B), specialtiesU_superset_topicsR(A,B).]
[C:-223,13,67,0 up(A,B,additem) :- teamsU_superset_topicsR(A,B), agentForU_superset_topicsR(A,B).]
[C:35,9,0,0 up(A,B,additem) :- teamsU_superset_topicsR(A,B), teamsU_contains_treatingTeamR(A,B).]
[C:-227,13,67,0 up(A,B,additem) :- teamsU_superset_topicsR(A,B), specialtiesU_superset_topicsR(A,B), agentForU_superset_topicsR(A,B).]
[C:29,9,0,0 up(A,B,additem) :- teamsU_superset_topicsR(A,B), specialtiesU_superset_topicsR(A,B), teamsU_contains_treatingTeamR(A,B).]
[C:29,9,0,0 up(A,B,additem) :- teamsU_superset_topicsR(A,B), agentForU_superset_topicsR(A,B), teamsU_contains_treatingTeamR(A,B).]
[C:23,9,0,0 up(A,B,additem) :- teamsU_superset_topicsR(A,B), specialtiesU_superset_topicsR(A,B), agentForU_superset_topicsR(A,B), teamsU_contains_treatingTeamR(A,B).]
[C:-282,13,83,0 up(A,B,additem) :- specialtiesU_superset_topicsR(A,B).]
[C:-223,13,67,0 up(A,B,additem) :- specialtiesU_superset_topicsR(A,B), agentForU_superset_topicsR(A,B).]
[C:29,9,0,0 up(A,B,additem) :- specialtiesU_superset_topicsR(A,B), agentForU_superset_topicsR(A,B), teamsU_contains_treatingTeamR(A,B).]
[C:-5,9,7,0 up(A,B,additem) :- specialtiesU_superset_topicsR(A,B), teamsU_contains_treatingTeamR(A,B).]
[C:-219,13,67,0 up(A,B,additem) :- agentForU_superset_topicsR(A,B).]
[C:35,9,0,0 up(A,B,additem) :- agentForU_superset_topicsR(A,B), teamsU_contains_treatingTeamR(A,B).]
[C:-113,9,27,0 up(A,B,additem) :- teamsU_contains_treatingTeamR(A,B).]
[187 explored search nodes]
f=35,p=9,n=0,h=0
[Result of search is]

up(A,B,additem) :- typeR(B,hr), teamsU_contains_treatingTeamR(A,
	B).

[9 redundant clauses retracted]
[Generalising up(oncagent1,oncpat2hr,addnote).]
[Most specific clause is]

up(A,B,addnote) :- uidU(A,oncagent1), agentForU(A,oncpat2), treatingTeamR(B,
	oncteam2), patientR(B,oncpat2), wardR(B,oncward), ridR(B,
	oncpat2hr), typeR(B,hr), teamsU_superset_topicsR(A,B),
	specialtiesU_superset_topicsR(A,B), agentForU_superset_topicsR(A,
	B), agentForU_contains_patientR(A,B).

[C:-2046,8,328,0 up(A,B,addnote).]
[C:-764,2,30,0 up(A,B,addnote) :- agentForU(A,oncpat2).]
[C:-1359,3,81,0 up(A,B,addnote) :- treatingTeamR(B,oncteam2).]
[C:-1376,3,81,0 up(A,B,addnote) :- treatingTeamR(B,oncteam2), patientR(B,oncpat2).]
[C:-1376,3,81,0 up(A,B,addnote) :- treatingTeamR(B,oncteam2), wardR(B,oncward).]
[C:-305,3,18,0 up(A,B,addnote) :- treatingTeamR(B,oncteam2), ridR(B,oncpat2hr).]
[C:-305,3,18,0 up(A,B,addnote) :- treatingTeamR(B,oncteam2), typeR(B,hr).]
[C:-305,3,18,0 up(A,B,addnote) :- treatingTeamR(B,oncteam2), teamsU_superset_topicsR(A,B).]
[C:-390,3,23,0 up(A,B,addnote) :- treatingTeamR(B,oncteam2), specialtiesU_superset_topicsR(A,B).]
[C:-305,3,18,0 up(A,B,addnote) :- treatingTeamR(B,oncteam2), agentForU_superset_topicsR(A,B).]
[C:-1359,3,81,0 up(A,B,addnote) :- patientR(B,oncpat2).]
[C:-1376,3,81,0 up(A,B,addnote) :- patientR(B,oncpat2), wardR(B,oncward).]
[C:-305,3,18,0 up(A,B,addnote) :- patientR(B,oncpat2), ridR(B,oncpat2hr).]
[C:-305,3,18,0 up(A,B,addnote) :- patientR(B,oncpat2), typeR(B,hr).]
[C:-305,3,18,0 up(A,B,addnote) :- patientR(B,oncpat2), teamsU_superset_topicsR(A,B).]
[C:-390,3,23,0 up(A,B,addnote) :- patientR(B,oncpat2), specialtiesU_superset_topicsR(A,B).]
[C:-305,3,18,0 up(A,B,addnote) :- patientR(B,oncpat2), agentForU_superset_topicsR(A,B).]
[C:-2065,4,164,0 up(A,B,addnote) :- wardR(B,oncward).]
[C:-288,3,18,0 up(A,B,addnote) :- ridR(B,oncpat2hr).]
[C:-305,3,18,0 up(A,B,addnote) :- ridR(B,oncpat2hr), typeR(B,hr).]
[C:-305,3,18,0 up(A,B,addnote) :- ridR(B,oncpat2hr), teamsU_superset_topicsR(A,B).]
[C:-305,3,18,0 up(A,B,addnote) :- ridR(B,oncpat2hr), specialtiesU_superset_topicsR(A,B).]
[C:-305,3,18,0 up(A,B,addnote) :- ridR(B,oncpat2hr), agentForU_superset_topicsR(A,B).]
[C:-446,8,76,0 up(A,B,addnote) :- typeR(B,hr).]
[C:-452,8,76,0 up(A,B,addnote) :- typeR(B,hr), teamsU_superset_topicsR(A,B).]
[C:-452,8,76,0 up(A,B,addnote) :- typeR(B,hr), specialtiesU_superset_topicsR(A,B).]
[C:-452,8,76,0 up(A,B,addnote) :- typeR(B,hr), agentForU_superset_topicsR(A,B).]
[C:13,4,0,0 up(A,B,addnote) :- typeR(B,hr), agentForU_contains_patientR(A,B).]
[C:1,4,0,0 up(A,B,addnote) :- typeR(B,hr), agentForU_superset_topicsR(A,B), agentForU_contains_patientR(A,B).]
[C:-458,8,76,0 up(A,B,addnote) :- typeR(B,hr), teamsU_superset_topicsR(A,B), specialtiesU_superset_topicsR(A,B).]
[C:-458,8,76,0 up(A,B,addnote) :- typeR(B,hr), teamsU_superset_topicsR(A,B), agentForU_superset_topicsR(A,B).]
[C:1,4,0,0 up(A,B,addnote) :- typeR(B,hr), teamsU_superset_topicsR(A,B), agentForU_contains_patientR(A,B).]
[C:-458,8,76,0 up(A,B,addnote) :- typeR(B,hr), specialtiesU_superset_topicsR(A,B), agentForU_superset_topicsR(A,B).]
[C:1,4,0,0 up(A,B,addnote) :- typeR(B,hr), specialtiesU_superset_topicsR(A,B), agentForU_contains_patientR(A,B).]
[C:-465,8,76,0 up(A,B,addnote) :- typeR(B,hr), teamsU_superset_topicsR(A,B), specialtiesU_superset_topicsR(A,B), agentForU_superset_topicsR(A,B).]
[C:-446,8,76,0 up(A,B,addnote) :- teamsU_superset_topicsR(A,B).]
[C:-452,8,76,0 up(A,B,addnote) :- teamsU_superset_topicsR(A,B), specialtiesU_superset_topicsR(A,B).]
[C:-452,8,76,0 up(A,B,addnote) :- teamsU_superset_topicsR(A,B), agentForU_superset_topicsR(A,B).]
[C:13,4,0,0 up(A,B,addnote) :- teamsU_superset_topicsR(A,B), agentForU_contains_patientR(A,B).]
[C:1,4,0,0 up(A,B,addnote) :- teamsU_superset_topicsR(A,B), agentForU_superset_topicsR(A,B), agentForU_contains_patientR(A,B).]
[C:-458,8,76,0 up(A,B,addnote) :- teamsU_superset_topicsR(A,B), specialtiesU_superset_topicsR(A,B), agentForU_superset_topicsR(A,B).]
[C:1,4,0,0 up(A,B,addnote) :- teamsU_superset_topicsR(A,B), specialtiesU_superset_topicsR(A,B), agentForU_contains_patientR(A,B).]
[C:-548,8,92,0 up(A,B,addnote) :- specialtiesU_superset_topicsR(A,B).]
[C:-452,8,76,0 up(A,B,addnote) :- specialtiesU_superset_topicsR(A,B), agentForU_superset_topicsR(A,B).]
[C:1,4,0,0 up(A,B,addnote) :- specialtiesU_superset_topicsR(A,B), agentForU_superset_topicsR(A,B), agentForU_contains_patientR(A,B).]
[C:13,4,0,0 up(A,B,addnote) :- specialtiesU_superset_topicsR(A,B), agentForU_contains_patientR(A,B).]
[C:-446,8,76,0 up(A,B,addnote) :- agentForU_superset_topicsR(A,B).]
[C:13,4,0,0 up(A,B,addnote) :- agentForU_superset_topicsR(A,B), agentForU_contains_patientR(A,B).]
[C:-127,4,12,0 up(A,B,addnote) :- agentForU_contains_patientR(A,B).]
[C:-305,3,18,0 up(A,B,addnote) :- wardR(B,oncward), ridR(B,oncpat2hr).]
[C:-471,4,38,0 up(A,B,addnote) :- wardR(B,oncward), typeR(B,hr).]
[C:-484,4,38,0 up(A,B,addnote) :- wardR(B,oncward), typeR(B,hr), teamsU_superset_topicsR(A,B).]
[C:-484,4,38,0 up(A,B,addnote) :- wardR(B,oncward), typeR(B,hr), specialtiesU_superset_topicsR(A,B).]
[C:-484,4,38,0 up(A,B,addnote) :- wardR(B,oncward), typeR(B,hr), agentForU_superset_topicsR(A,B).]
[C:-471,4,38,0 up(A,B,addnote) :- wardR(B,oncward), teamsU_superset_topicsR(A,B).]
[C:-484,4,38,0 up(A,B,addnote) :- wardR(B,oncward), teamsU_superset_topicsR(A,B), specialtiesU_superset_topicsR(A,B).]
[C:-484,4,38,0 up(A,B,addnote) :- wardR(B,oncward), teamsU_superset_topicsR(A,B), agentForU_superset_topicsR(A,B).]
[C:-599,4,48,0 up(A,B,addnote) :- wardR(B,oncward), specialtiesU_superset_topicsR(A,B).]
[C:-484,4,38,0 up(A,B,addnote) :- wardR(B,oncward), specialtiesU_superset_topicsR(A,B), agentForU_superset_topicsR(A,B).]
[C:-471,4,38,0 up(A,B,addnote) :- wardR(B,oncward), agentForU_superset_topicsR(A,B).]
[60 explored search nodes]
f=13,p=4,n=0,h=0
[Result of search is]

up(A,B,addnote) :- typeR(B,hr), agentForU_contains_patientR(A,
	B).

[4 redundant clauses retracted]
[Generalising up(oncagent2,oncpat2noteitem,read).]
[Most specific clause is]

up(A,B,read) :- uidU(A,oncagent2), agentForU(A,oncpat2), treatingTeamR(B,
	oncteam2), authorR(B,oncagent1), topicsR(B,note), patientR(B,
	oncpat2), wardR(B,oncward), ridR(B,oncpat2noteitem), 
	typeR(B,hritem), agentForU_contains_patientR(A,B).

[C:-1081,14,310,0 up(A,B,read).]
[C:-1912,2,75,0 up(A,B,read) :- treatingTeamR(B,oncteam2).]
[C:-458,2,18,0 up(A,B,read) :- authorR(B,oncagent1).]
[C:-943,4,76,0 up(A,B,read) :- topicsR(B,note).]
[C:-956,4,76,0 up(A,B,read) :- topicsR(B,note), typeR(B,hritem).]
[C:-1912,2,75,0 up(A,B,read) :- patientR(B,oncpat2).]
[C:-3926,2,154,0 up(A,B,read) :- wardR(B,oncward).]
[C:-458,2,18,0 up(A,B,read) :- ridR(B,oncpat2noteitem).]
[C:-1402,8,226,0 up(A,B,read) :- typeR(B,hritem).]
[C:-305,2,12,0 up(A,B,read) :- agentForU_contains_patientR(A,B).]
[10 explored search nodes]
f=-1,p=51,n=52,h=0
[No compression]

[Generalising up(oncpat1,oncpat1hr,addnote).]
[Most specific clause is]

up(A,B,addnote) :- uidU(A,oncpat1), wardU(A,oncward), treatingTeamR(B,
	oncteam1), patientR(B,oncpat1), wardR(B,oncward), ridR(B,
	oncpat1hr), typeR(B,hr), teamsU_superset_topicsR(A,B),
	specialtiesU_superset_topicsR(A,B), agentForU_superset_topicsR(A,
	B), uidU_equals_patientR(A,B), wardU_equals_wardR(A,B).

[C:-2345,7,328,0 up(A,B,addnote).]
[C:-1580,2,62,0 up(A,B,addnote) :- wardU(A,oncward).]
[C:-4181,2,164,0 up(A,B,addnote) :- wardR(B,oncward).]
[C:-517,7,76,0 up(A,B,addnote) :- typeR(B,hr).]
[C:-524,7,76,0 up(A,B,addnote) :- typeR(B,hr), teamsU_superset_topicsR(A,B).]
[C:-524,7,76,0 up(A,B,addnote) :- typeR(B,hr), specialtiesU_superset_topicsR(A,B).]
[C:-524,7,76,0 up(A,B,addnote) :- typeR(B,hr), agentForU_superset_topicsR(A,B).]
[C:13,4,0,0 up(A,B,addnote) :- typeR(B,hr), uidU_equals_patientR(A,B).]
[C:-140,4,12,0 up(A,B,addnote) :- typeR(B,hr), wardU_equals_wardR(A,B).]
[C:-531,7,76,0 up(A,B,addnote) :- typeR(B,hr), specialtiesU_superset_topicsR(A,B), agentForU_superset_topicsR(A,B).]
[C:1,4,0,0 up(A,B,addnote) :- typeR(B,hr), specialtiesU_superset_topicsR(A,B), uidU_equals_patientR(A,B).]
[C:-152,4,12,0 up(A,B,addnote) :- typeR(B,hr), specialtiesU_superset_topicsR(A,B), wardU_equals_wardR(A,B).]
[C:-531,7,76,0 up(A,B,addnote) :- typeR(B,hr), teamsU_superset_topicsR(A,B), specialtiesU_superset_topicsR(A,B).]
[C:-531,7,76,0 up(A,B,addnote) :- typeR(B,hr), teamsU_superset_topicsR(A,B), agentForU_superset_topicsR(A,B).]
[C:1,4,0,0 up(A,B,addnote) :- typeR(B,hr), teamsU_superset_topicsR(A,B), uidU_equals_patientR(A,B).]
[C:-152,4,12,0 up(A,B,addnote) :- typeR(B,hr), teamsU_superset_topicsR(A,B), wardU_equals_wardR(A,B).]
[C:1,4,0,0 up(A,B,addnote) :- typeR(B,hr), agentForU_superset_topicsR(A,B), uidU_equals_patientR(A,B).]
[C:-152,4,12,0 up(A,B,addnote) :- typeR(B,hr), agentForU_superset_topicsR(A,B), wardU_equals_wardR(A,B).]
[C:-539,7,76,0 up(A,B,addnote) :- typeR(B,hr), teamsU_superset_topicsR(A,B), specialtiesU_superset_topicsR(A,B), agentForU_superset_topicsR(A,B).]
[C:-517,7,76,0 up(A,B,addnote) :- teamsU_superset_topicsR(A,B).]
[C:-524,7,76,0 up(A,B,addnote) :- teamsU_superset_topicsR(A,B), specialtiesU_superset_topicsR(A,B).]
[C:-524,7,76,0 up(A,B,addnote) :- teamsU_superset_topicsR(A,B), agentForU_superset_topicsR(A,B).]
[C:13,4,0,0 up(A,B,addnote) :- teamsU_superset_topicsR(A,B), uidU_equals_patientR(A,B).]
[C:-140,4,12,0 up(A,B,addnote) :- teamsU_superset_topicsR(A,B), wardU_equals_wardR(A,B).]
[C:-531,7,76,0 up(A,B,addnote) :- teamsU_superset_topicsR(A,B), specialtiesU_superset_topicsR(A,B), agentForU_superset_topicsR(A,B).]
[C:1,4,0,0 up(A,B,addnote) :- teamsU_superset_topicsR(A,B), specialtiesU_superset_topicsR(A,B), uidU_equals_patientR(A,B).]
[C:-152,4,12,0 up(A,B,addnote) :- teamsU_superset_topicsR(A,B), specialtiesU_superset_topicsR(A,B), wardU_equals_wardR(A,B).]
[C:1,4,0,0 up(A,B,addnote) :- teamsU_superset_topicsR(A,B), agentForU_superset_topicsR(A,B), uidU_equals_patientR(A,B).]
[C:-152,4,12,0 up(A,B,addnote) :- teamsU_superset_topicsR(A,B), agentForU_superset_topicsR(A,B), wardU_equals_wardR(A,B).]
[C:-633,7,92,0 up(A,B,addnote) :- specialtiesU_superset_topicsR(A,B).]
[C:-524,7,76,0 up(A,B,addnote) :- specialtiesU_superset_topicsR(A,B), agentForU_superset_topicsR(A,B).]
[C:1,4,0,0 up(A,B,addnote) :- specialtiesU_superset_topicsR(A,B), agentForU_superset_topicsR(A,B), uidU_equals_patientR(A,B).]
[C:-152,4,12,0 up(A,B,addnote) :- specialtiesU_superset_topicsR(A,B), agentForU_superset_topicsR(A,B), wardU_equals_wardR(A,B).]
[C:13,4,0,0 up(A,B,addnote) :- specialtiesU_superset_topicsR(A,B), uidU_equals_patientR(A,B).]
[C:-140,4,12,0 up(A,B,addnote) :- specialtiesU_superset_topicsR(A,B), wardU_equals_wardR(A,B).]
[C:-517,7,76,0 up(A,B,addnote) :- agentForU_superset_topicsR(A,B).]
[C:13,4,0,0 up(A,B,addnote) :- agentForU_superset_topicsR(A,B), uidU_equals_patientR(A,B).]
[C:-140,4,12,0 up(A,B,addnote) :- agentForU_superset_topicsR(A,B), wardU_equals_wardR(A,B).]
[C:-127,4,12,0 up(A,B,addnote) :- uidU_equals_patientR(A,B).]
[C:-140,4,12,0 up(A,B,addnote) :- uidU_equals_patientR(A,B), wardU_equals_wardR(A,B).]
[C:-739,4,60,0 up(A,B,addnote) :- wardU_equals_wardR(A,B).]
[41 explored search nodes]
f=13,p=4,n=0,h=0
[Result of search is]

up(A,B,addnote) :- typeR(B,hr), uidU_equals_patientR(A,B).

[4 redundant clauses retracted]
[Generalising up(oncpat2,oncpat2noteitem,read).]
[Most specific clause is]

up(A,B,read) :- uidU(A,oncpat2), wardU(A,oncward), treatingTeamR(B,
	oncteam2), authorR(B,oncagent1), topicsR(B,note), patientR(B,
	oncpat2), wardR(B,oncward), ridR(B,oncpat2noteitem), 
	typeR(B,hritem), uidU_equals_patientR(A,B), wardU_equals_wardR(A,
	B).

[C:-1081,14,310,0 up(A,B,read).]
[C:-1912,2,75,0 up(A,B,read) :- treatingTeamR(B,oncteam2).]
[C:-458,2,18,0 up(A,B,read) :- authorR(B,oncagent1).]
[C:-943,4,76,0 up(A,B,read) :- topicsR(B,note).]
[C:-956,4,76,0 up(A,B,read) :- topicsR(B,note), typeR(B,hritem).]
[C:-1912,2,75,0 up(A,B,read) :- patientR(B,oncpat2).]
[C:-3926,2,154,0 up(A,B,read) :- wardR(B,oncward).]
[C:-458,2,18,0 up(A,B,read) :- ridR(B,oncpat2noteitem).]
[C:-1402,8,226,0 up(A,B,read) :- typeR(B,hritem).]
[C:-305,2,12,0 up(A,B,read) :- uidU_equals_patientR(A,B).]
[C:-407,6,52,0 up(A,B,read) :- wardU_equals_wardR(A,B).]
[11 explored search nodes]
f=-1,p=51,n=52,h=0
[No compression]

[Generalising up(caragent2,carpat2noteitem,read).]
[Most specific clause is]

up(A,B,read) :- uidU(A,caragent2), agentForU(A,carpat2), treatingTeamR(B,
	carteam2), authorR(B,caragent1), topicsR(B,note), patientR(B,
	carpat2), wardR(B,carward), ridR(B,carpat2noteitem), 
	typeR(B,hritem), agentForU_contains_patientR(A,B).

[C:-1081,14,310,0 up(A,B,read).]
[C:-1963,2,77,0 up(A,B,read) :- treatingTeamR(B,carteam2).]
[C:-458,2,18,0 up(A,B,read) :- authorR(B,caragent1).]
[C:-943,4,76,0 up(A,B,read) :- topicsR(B,note).]
[C:-956,4,76,0 up(A,B,read) :- topicsR(B,note), typeR(B,hritem).]
[C:-1963,2,77,0 up(A,B,read) :- patientR(B,carpat2).]
[C:-3977,2,156,0 up(A,B,read) :- wardR(B,carward).]
[C:-458,2,18,0 up(A,B,read) :- ridR(B,carpat2noteitem).]
[C:-1402,8,226,0 up(A,B,read) :- typeR(B,hritem).]
[C:-305,2,12,0 up(A,B,read) :- agentForU_contains_patientR(A,B).]
[10 explored search nodes]
f=-1,p=51,n=52,h=0
[No compression]

[Generalising up(carpat2,carpat2noteitem,read).]
[Most specific clause is]

up(A,B,read) :- uidU(A,carpat2), wardU(A,carward), treatingTeamR(B,
	carteam2), authorR(B,caragent1), topicsR(B,note), patientR(B,
	carpat2), wardR(B,carward), ridR(B,carpat2noteitem), 
	typeR(B,hritem), uidU_equals_patientR(A,B), wardU_equals_wardR(A,
	B).

[C:-1081,14,310,0 up(A,B,read).]
[C:-1963,2,77,0 up(A,B,read) :- treatingTeamR(B,carteam2).]
[C:-458,2,18,0 up(A,B,read) :- authorR(B,caragent1).]
[C:-943,4,76,0 up(A,B,read) :- topicsR(B,note).]
[C:-956,4,76,0 up(A,B,read) :- topicsR(B,note), typeR(B,hritem).]
[C:-1963,2,77,0 up(A,B,read) :- patientR(B,carpat2).]
[C:-3977,2,156,0 up(A,B,read) :- wardR(B,carward).]
[C:-458,2,18,0 up(A,B,read) :- ridR(B,carpat2noteitem).]
[C:-1402,8,226,0 up(A,B,read) :- typeR(B,hritem).]
[C:-305,2,12,0 up(A,B,read) :- uidU_equals_patientR(A,B).]
[C:-407,6,52,0 up(A,B,read) :- wardU_equals_wardR(A,B).]
[11 explored search nodes]
f=-1,p=51,n=52,h=0
[No compression]


up(oncagent2,oncpat2noteitem,read).
up(oncpat2,oncpat2noteitem,read).
up(caragent2,carpat2noteitem,read).
up(carpat2,carpat2noteitem,read).
up(A,B,read) :- uidU_equals_authorR(A,B).
up(A,B,read) :- positionU(A,nurse), topicsR(B,nursing), wardU_equals_wardR(A,
	B).
up(A,B,additem) :- positionU(A,nurse), typeR(B,hr), wardU_equals_wardR(A,
	B).
up(A,B,read) :- typeR(B,hritem), specialtiesU_superset_topicsR(A,
	B), teamsU_contains_treatingTeamR(A,B).
up(A,B,additem) :- typeR(B,hr), teamsU_contains_treatingTeamR(A,
	B).
up(A,B,addnote) :- typeR(B,hr), agentForU_contains_patientR(A,
	B).
up(A,B,addnote) :- typeR(B,hr), uidU_equals_patientR(A,B).

[Total number of clauses = 11]

[Time taken 2.84s]
