CProgol Version 4.4

[:- modeh(1,up(+user,+resource,#operation))? - Time taken 0.00s]
[:- modeb(1,positionU(+user,#attribValAtomic))? - Time taken 0.00s]
[:- modeb(1,uidU(+user,#attribValAtomic))? - Time taken 0.00s]
[:- modeb(1,departmentU(+user,#attribValAtomic))? - Time taken 0.00s]
[:- modeb(100,crsTakenU(+user,#attribValAtomic))? - Time taken 0.00s]
[:- modeb(1,isChairU(+user,#attribValAtomic))? - Time taken 0.00s]
[:- modeb(100,crsTaughtU(+user,#attribValAtomic))? - Time taken 0.00s]
[:- modeb(1,crsR(+resource,#attribValAtomic))? - Time taken 0.00s]
[:- modeb(1,studentR(+resource,#attribValAtomic))? - Time taken 0.00s]
[:- modeb(1,ridR(+resource,#attribValAtomic))? - Time taken 0.00s]
[:- modeb(1,departmentR(+resource,#attribValAtomic))? - Time taken 0.00s]
[:- modeb(1,typeR(+resource,#attribValAtomic))? - Time taken 0.00s]
[:- modeb(1,crsTakenU_contains_crsR(+user,+resource))? - Time taken 0.00s]
[:- modeb(1,crsTakenU_contains_studentR(+user,+resource))? - Time taken 0.00s]
[:- modeb(1,crsTakenU_contains_ridR(+user,+resource))? - Time taken 0.00s]
[:- modeb(1,crsTakenU_contains_departmentR(+user,+resource))? - Time taken 0.00s]
[:- modeb(1,crsTakenU_contains_typeR(+user,+resource))? - Time taken 0.00s]
[:- modeb(1,crsTaughtU_contains_crsR(+user,+resource))? - Time taken 0.00s]
[:- modeb(1,crsTaughtU_contains_studentR(+user,+resource))? - Time taken 0.00s]
[:- modeb(1,crsTaughtU_contains_ridR(+user,+resource))? - Time taken 0.00s]
[:- modeb(1,crsTaughtU_contains_departmentR(+user,+resource))? - Time taken 0.00s]
[:- modeb(1,crsTaughtU_contains_typeR(+user,+resource))? - Time taken 0.00s]
[:- modeb(1,positionU_equals_crsR(+user,+resource))? - Time taken 0.00s]
[:- modeb(1,positionU_equals_studentR(+user,+resource))? - Time taken 0.00s]
[:- modeb(1,positionU_equals_ridR(+user,+resource))? - Time taken 0.00s]
[:- modeb(1,positionU_equals_departmentR(+user,+resource))? - Time taken 0.00s]
[:- modeb(1,positionU_equals_typeR(+user,+resource))? - Time taken 0.00s]
[:- modeb(1,uidU_equals_crsR(+user,+resource))? - Time taken 0.00s]
[:- modeb(1,uidU_equals_studentR(+user,+resource))? - Time taken 0.00s]
[:- modeb(1,uidU_equals_ridR(+user,+resource))? - Time taken 0.00s]
[:- modeb(1,uidU_equals_departmentR(+user,+resource))? - Time taken 0.00s]
[:- modeb(1,uidU_equals_typeR(+user,+resource))? - Time taken 0.00s]
[:- modeb(1,departmentU_equals_crsR(+user,+resource))? - Time taken 0.00s]
[:- modeb(1,departmentU_equals_studentR(+user,+resource))? - Time taken 0.00s]
[:- modeb(1,departmentU_equals_ridR(+user,+resource))? - Time taken 0.00s]
[:- modeb(1,departmentU_equals_departmentR(+user,+resource))? - Time taken 0.00s]
[:- modeb(1,departmentU_equals_typeR(+user,+resource))? - Time taken 0.00s]
[:- modeb(1,isChairU_equals_crsR(+user,+resource))? - Time taken 0.00s]
[:- modeb(1,isChairU_equals_studentR(+user,+resource))? - Time taken 0.00s]
[:- modeb(1,isChairU_equals_ridR(+user,+resource))? - Time taken 0.00s]
[:- modeb(1,isChairU_equals_departmentR(+user,+resource))? - Time taken 0.00s]
[:- modeb(1,isChairU_equals_typeR(+user,+resource))? - Time taken 0.00s]
[:- modeb(1,superset(+attribValSet,+attribValSet))? - Time taken 0.00s]
[:- modeb(1,element(+attribValAtomic,+attribValSet))? - Time taken 0.00s]
[Testing for contradictions]
[WARNING: resolution-bound failure - use set(r,..)]
[No contradictions found]
[Generalising up(eechair,eestu4trans,read).]
[Most specific clause is]

up(A,B,read) :- uidU(A,eechair), departmentU(A,ee), isChairU(A,
	true), studentR(B,eestu4), ridR(B,eestu4trans), departmentR(B,
	ee), typeR(B,transcript), departmentU_equals_departmentR(A,
	B).

[C:-1235,81,668,0 up(A,B,read).]
[C:-872,5,29,0 up(A,B,read) :- uidU(A,eechair).]
[C:-906,5,29,0 up(A,B,read) :- uidU(A,eechair), departmentU(A,ee).]
[C:-906,5,29,0 up(A,B,read) :- uidU(A,eechair), isChairU(A,true).]
[C:-133,5,6,0 up(A,B,read) :- uidU(A,eechair), departmentR(B,ee).]
[C:35,5,0,0 up(A,B,read) :- uidU(A,eechair), departmentR(B,ee), typeR(B,transcript).]
[C:-166,5,6,0 up(A,B,read) :- uidU(A,eechair), departmentR(B,ee), departmentU_equals_departmentR(A,B).]
[C:-99,5,5,0 up(A,B,read) :- uidU(A,eechair), typeR(B,transcript).]
[C:35,5,0,0 up(A,B,read) :- uidU(A,eechair), typeR(B,transcript), departmentU_equals_departmentR(A,B).]
[C:-133,5,6,0 up(A,B,read) :- uidU(A,eechair), departmentU_equals_departmentR(A,B).]
[C:-939,5,29,0 up(A,B,read) :- uidU(A,eechair), departmentU(A,ee), isChairU(A,true).]
[C:-166,5,6,0 up(A,B,read) :- uidU(A,eechair), departmentU(A,ee), departmentR(B,ee).]
[C:2,5,0,0 up(A,B,read) :- uidU(A,eechair), departmentU(A,ee), departmentR(B,ee), typeR(B,transcript).]
[C:-200,5,6,0 up(A,B,read) :- uidU(A,eechair), departmentU(A,ee), departmentR(B,ee), departmentU_equals_departmentR(A,B).]
[C:-133,5,5,0 up(A,B,read) :- uidU(A,eechair), departmentU(A,ee), typeR(B,transcript).]
[C:2,5,0,0 up(A,B,read) :- uidU(A,eechair), departmentU(A,ee), typeR(B,transcript), departmentU_equals_departmentR(A,B).]
[C:-166,5,6,0 up(A,B,read) :- uidU(A,eechair), departmentU(A,ee), departmentU_equals_departmentR(A,B).]
[C:-166,5,6,0 up(A,B,read) :- uidU(A,eechair), isChairU(A,true), departmentR(B,ee).]
[C:2,5,0,0 up(A,B,read) :- uidU(A,eechair), isChairU(A,true), departmentR(B,ee), typeR(B,transcript).]
[C:-200,5,6,0 up(A,B,read) :- uidU(A,eechair), isChairU(A,true), departmentR(B,ee), departmentU_equals_departmentR(A,B).]
[C:-133,5,5,0 up(A,B,read) :- uidU(A,eechair), isChairU(A,true), typeR(B,transcript).]
[C:2,5,0,0 up(A,B,read) :- uidU(A,eechair), isChairU(A,true), typeR(B,transcript), departmentU_equals_departmentR(A,B).]
[C:-166,5,6,0 up(A,B,read) :- uidU(A,eechair), isChairU(A,true), departmentU_equals_departmentR(A,B).]
[C:-200,5,6,0 up(A,B,read) :- uidU(A,eechair), departmentU(A,ee), isChairU(A,true), departmentR(B,ee).]
[C:-166,5,5,0 up(A,B,read) :- uidU(A,eechair), departmentU(A,ee), isChairU(A,true), typeR(B,transcript).]
[C:-200,5,6,0 up(A,B,read) :- uidU(A,eechair), departmentU(A,ee), isChairU(A,true), departmentU_equals_departmentR(A,B).]
[C:-3498,12,260,0 up(A,B,read) :- departmentU(A,ee).]
[C:-838,10,58,0 up(A,B,read) :- isChairU(A,true).]
[C:-502,5,17,0 up(A,B,read) :- isChairU(A,true), departmentR(B,ee).]
[C:-133,5,5,0 up(A,B,read) :- isChairU(A,true), departmentR(B,ee), typeR(B,transcript).]
[C:2,5,0,0 up(A,B,read) :- isChairU(A,true), departmentR(B,ee), typeR(B,transcript), departmentU_equals_departmentR(A,B).]
[C:-166,5,6,0 up(A,B,read) :- isChairU(A,true), departmentR(B,ee), departmentU_equals_departmentR(A,B).]
[C:-49,10,10,0 up(A,B,read) :- isChairU(A,true), typeR(B,transcript).]
[C:102,10,0,0 up(A,B,read) :- isChairU(A,true), typeR(B,transcript), departmentU_equals_departmentR(A,B).]
[C:-82,10,12,0 up(A,B,read) :- isChairU(A,true), departmentU_equals_departmentR(A,B).]
[C:-950,6,38,0 up(A,B,read) :- studentR(B,eestu4).]
[C:-712,4,18,0 up(A,B,read) :- studentR(B,eestu4), ridR(B,eestu4trans).]
[C:-754,4,18,0 up(A,B,read) :- studentR(B,eestu4), ridR(B,eestu4trans), departmentR(B,ee).]
[C:-754,4,18,0 up(A,B,read) :- studentR(B,eestu4), ridR(B,eestu4trans), typeR(B,transcript).]
[C:-712,4,18,0 up(A,B,read) :- studentR(B,eestu4), departmentR(B,ee).]
[C:-754,4,18,0 up(A,B,read) :- studentR(B,eestu4), departmentR(B,ee), typeR(B,transcript).]
[C:-712,4,18,0 up(A,B,read) :- studentR(B,eestu4), typeR(B,transcript).]
[C:-670,4,18,0 up(A,B,read) :- ridR(B,eestu4trans).]
[C:-712,4,18,0 up(A,B,read) :- ridR(B,eestu4trans), departmentR(B,ee).]
[C:-712,4,18,0 up(A,B,read) :- ridR(B,eestu4trans), typeR(B,transcript).]
[C:-754,4,18,0 up(A,B,read) :- ridR(B,eestu4trans), departmentR(B,ee), typeR(B,transcript).]
[C:-1126,28,214,0 up(A,B,read) :- departmentR(B,ee).]
[C:-612,20,90,0 up(A,B,read) :- departmentR(B,ee), typeR(B,transcript).]
[C:-402,10,30,0 up(A,B,read) :- departmentR(B,ee), typeR(B,transcript), departmentU_equals_departmentR(A,B).]
[C:-936,12,76,0 up(A,B,read) :- departmentR(B,ee), departmentU_equals_departmentR(A,B).]
[C:-595,40,180,0 up(A,B,read) :- typeR(B,transcript).]
[C:-360,20,60,0 up(A,B,read) :- typeR(B,transcript), departmentU_equals_departmentR(A,B).]
[C:-908,24,152,0 up(A,B,read) :- departmentU_equals_departmentR(A,B).]
[C:-906,5,29,0 up(A,B,read) :- departmentU(A,ee), isChairU(A,true).]
[C:-166,5,6,0 up(A,B,read) :- departmentU(A,ee), isChairU(A,true), departmentR(B,ee).]
[C:2,5,0,0 up(A,B,read) :- departmentU(A,ee), isChairU(A,true), departmentR(B,ee), typeR(B,transcript).]
[C:-200,5,6,0 up(A,B,read) :- departmentU(A,ee), isChairU(A,true), departmentR(B,ee), departmentU_equals_departmentR(A,B).]
[C:-133,5,5,0 up(A,B,read) :- departmentU(A,ee), isChairU(A,true), typeR(B,transcript).]
[C:2,5,0,0 up(A,B,read) :- departmentU(A,ee), isChairU(A,true), typeR(B,transcript), departmentU_equals_departmentR(A,B).]
[C:-166,5,6,0 up(A,B,read) :- departmentU(A,ee), isChairU(A,true), departmentU_equals_departmentR(A,B).]
[C:-936,12,76,0 up(A,B,read) :- departmentU(A,ee), departmentR(B,ee).]
[C:-402,10,30,0 up(A,B,read) :- departmentU(A,ee), departmentR(B,ee), typeR(B,transcript).]
[C:-418,10,30,0 up(A,B,read) :- departmentU(A,ee), departmentR(B,ee), typeR(B,transcript), departmentU_equals_departmentR(A,B).]
[C:-950,12,76,0 up(A,B,read) :- departmentU(A,ee), departmentR(B,ee), departmentU_equals_departmentR(A,B).]
[C:-1057,10,70,0 up(A,B,read) :- departmentU(A,ee), typeR(B,transcript).]
[C:-402,10,30,0 up(A,B,read) :- departmentU(A,ee), typeR(B,transcript), departmentU_equals_departmentR(A,B).]
[C:-936,12,76,0 up(A,B,read) :- departmentU(A,ee), departmentU_equals_departmentR(A,B).]
[67 explored search nodes]
f=102,p=10,n=0,h=0
[Result of search is]

up(A,B,read) :- isChairU(A,true), typeR(B,transcript), departmentU_equals_departmentR(A,
	B).

[10 redundant clauses retracted]
[Generalising up(eefac1,ee101roster,read).]
[Most specific clause is]

up(A,B,read) :- positionU(A,faculty), uidU(A,eefac1), departmentU(A,
	ee), crsTaughtU(A,ee101), crsR(B,ee101), ridR(B,ee101roster),
	departmentR(B,ee), typeR(B,roster), crsTaughtU_contains_crsR(A,
	B), departmentU_equals_departmentR(A,B).

[C:-1349,75,668,0 up(A,B,read).]
[C:-5458,4,132,0 up(A,B,read) :- positionU(A,faculty).]
[C:-6118,7,260,0 up(A,B,read) :- departmentU(A,ee).]
[C:-5542,2,66,0 up(A,B,read) :- crsTaughtU(A,ee101).]
[C:-2238,3,41,0 up(A,B,read) :- crsR(B,ee101).]
[C:-1006,3,19,0 up(A,B,read) :- ridR(B,ee101roster).]
[C:-1062,3,19,0 up(A,B,read) :- ridR(B,ee101roster), departmentR(B,ee).]
[C:-1062,3,19,0 up(A,B,read) :- ridR(B,ee101roster), typeR(B,roster).]
[C:-1408,23,214,0 up(A,B,read) :- departmentR(B,ee).]
[C:-1069,16,116,0 up(A,B,read) :- typeR(B,roster).]
[C:-208,4,6,0 up(A,B,read) :- typeR(B,roster), crsTaughtU_contains_crsR(A,B).]
[C:-250,4,6,0 up(A,B,read) :- typeR(B,roster), crsTaughtU_contains_crsR(A,B), departmentU_equals_departmentR(A,B).]
[C:-1804,4,44,0 up(A,B,read) :- typeR(B,roster), departmentU_equals_departmentR(A,B).]
[C:-586,4,16,0 up(A,B,read) :- crsTaughtU_contains_crsR(A,B).]
[C:-628,4,16,0 up(A,B,read) :- crsTaughtU_contains_crsR(A,B), departmentU_equals_departmentR(A,B).]
[C:-1268,18,152,0 up(A,B,read) :- departmentU_equals_departmentR(A,B).]
[C:-1111,8,58,0 up(A,B,read) :- departmentR(B,ee), typeR(B,roster).]
[C:-1726,7,76,0 up(A,B,read) :- departmentR(B,ee), departmentU_equals_departmentR(A,B).]
[C:-1062,3,19,0 up(A,B,read) :- crsR(B,ee101), ridR(B,ee101roster).]
[C:-2294,3,41,0 up(A,B,read) :- crsR(B,ee101), departmentR(B,ee).]
[C:-1062,3,19,0 up(A,B,read) :- crsR(B,ee101), typeR(B,roster).]
[C:-796,4,20,0 up(A,B,read) :- positionU(A,faculty), typeR(B,roster).]
[C:2,4,0,0 up(A,B,read) :- positionU(A,faculty), typeR(B,roster), crsTaughtU_contains_crsR(A,B).]
[C:-334,4,8,0 up(A,B,read) :- positionU(A,faculty), typeR(B,roster), departmentU_equals_departmentR(A,B).]
[C:-124,4,4,0 up(A,B,read) :- positionU(A,faculty), crsTaughtU_contains_crsR(A,B).]
[C:-166,4,4,0 up(A,B,read) :- positionU(A,faculty), crsTaughtU_contains_crsR(A,B), departmentU_equals_departmentR(A,B).]
[C:-1636,4,40,0 up(A,B,read) :- positionU(A,faculty), departmentU_equals_departmentR(A,B).]
[C:-1726,7,76,0 up(A,B,read) :- departmentU(A,ee), departmentR(B,ee).]
[C:-1750,7,76,0 up(A,B,read) :- departmentU(A,ee), departmentR(B,ee), departmentU_equals_departmentR(A,B).]
[C:-1726,7,76,0 up(A,B,read) :- departmentU(A,ee), departmentU_equals_departmentR(A,B).]
[30 explored search nodes]
f=2,p=4,n=0,h=0
[Result of search is]

up(A,B,read) :- positionU(A,faculty), typeR(B,roster), crsTaughtU_contains_crsR(A,
	B).

[4 redundant clauses retracted]
[Generalising up(eefac1,ee101gradebook,readscore).]
[Most specific clause is]

up(A,B,readscore) :- positionU(A,faculty), uidU(A,eefac1), departmentU(A,
	ee), crsTaughtU(A,ee101), crsR(B,ee101), ridR(B,ee101gradebook),
	departmentR(B,ee), typeR(B,gradebook), crsTaughtU_contains_crsR(A,
	B), departmentU_equals_departmentR(A,B).

[C:-12246,10,738,0 up(A,B,readscore).]
[C:-5458,4,132,0 up(A,B,readscore) :- positionU(A,faculty).]
[C:-796,4,20,0 up(A,B,readscore) :- positionU(A,faculty), typeR(B,gradebook).]
[C:2,4,0,0 up(A,B,readscore) :- positionU(A,faculty), typeR(B,gradebook), crsTaughtU_contains_crsR(A,B).]
[C:-334,4,8,0 up(A,B,readscore) :- positionU(A,faculty), typeR(B,gradebook), departmentU_equals_departmentR(A,B).]
[C:-124,4,4,0 up(A,B,readscore) :- positionU(A,faculty), crsTaughtU_contains_crsR(A,B).]
[C:-166,4,4,0 up(A,B,readscore) :- positionU(A,faculty), crsTaughtU_contains_crsR(A,B), departmentU_equals_departmentR(A,B).]
[C:-1636,4,40,0 up(A,B,readscore) :- positionU(A,faculty), departmentU_equals_departmentR(A,B).]
[C:-8869,5,267,0 up(A,B,readscore) :- departmentU(A,ee).]
[C:-3638,3,65,0 up(A,B,readscore) :- departmentU(A,ee), crsTaughtU(A,ee101).]
[C:-2720,5,83,0 up(A,B,readscore) :- departmentU(A,ee), departmentR(B,ee).]
[C:-603,5,19,0 up(A,B,readscore) :- departmentU(A,ee), departmentR(B,ee), typeR(B,gradebook).]
[C:2,5,0,0 up(A,B,readscore) :- departmentU(A,ee), departmentR(B,ee), typeR(B,gradebook), crsTaughtU_contains_crsR(A,B).]
[C:-637,5,19,0 up(A,B,readscore) :- departmentU(A,ee), departmentR(B,ee), typeR(B,gradebook), departmentU_equals_departmentR(A,B).]
[C:-133,5,5,0 up(A,B,readscore) :- departmentU(A,ee), departmentR(B,ee), crsTaughtU_contains_crsR(A,B).]
[C:-166,5,5,0 up(A,B,readscore) :- departmentU(A,ee), departmentR(B,ee), crsTaughtU_contains_crsR(A,B), departmentU_equals_departmentR(A,B).]
[C:-2754,5,83,0 up(A,B,readscore) :- departmentU(A,ee), departmentR(B,ee), departmentU_equals_departmentR(A,B).]
[C:-1376,5,43,0 up(A,B,readscore) :- departmentU(A,ee), typeR(B,gradebook).]
[C:35,5,0,0 up(A,B,readscore) :- departmentU(A,ee), typeR(B,gradebook), crsTaughtU_contains_crsR(A,B).]
[C:-603,5,19,0 up(A,B,readscore) :- departmentU(A,ee), typeR(B,gradebook), departmentU_equals_departmentR(A,B).]
[C:-99,5,5,0 up(A,B,readscore) :- departmentU(A,ee), crsTaughtU_contains_crsR(A,B).]
[C:-133,5,5,0 up(A,B,readscore) :- departmentU(A,ee), crsTaughtU_contains_crsR(A,B), departmentU_equals_departmentR(A,B).]
[C:-2720,5,83,0 up(A,B,readscore) :- departmentU(A,ee), departmentU_equals_departmentR(A,B).]
[C:-3582,3,65,0 up(A,B,readscore) :- crsTaughtU(A,ee101).]
[C:-1062,3,19,0 up(A,B,readscore) :- crsTaughtU(A,ee101), departmentR(B,ee).]
[C:-502,3,9,0 up(A,B,readscore) :- crsTaughtU(A,ee101), typeR(B,gradebook).]
[C:-166,3,3,0 up(A,B,readscore) :- crsTaughtU(A,ee101), crsTaughtU_contains_crsR(A,B).]
[C:-1062,3,19,0 up(A,B,readscore) :- crsTaughtU(A,ee101), departmentU_equals_departmentR(A,B).]
[C:-3526,2,42,0 up(A,B,readscore) :- crsR(B,ee101).]
[C:-1678,2,20,0 up(A,B,readscore) :- ridR(B,ee101gradebook).]
[C:-7861,5,237,0 up(A,B,readscore) :- departmentR(B,ee).]
[C:-1981,5,61,0 up(A,B,readscore) :- departmentR(B,ee), typeR(B,gradebook).]
[C:35,5,0,0 up(A,B,readscore) :- departmentR(B,ee), typeR(B,gradebook), crsTaughtU_contains_crsR(A,B).]
[C:-603,5,19,0 up(A,B,readscore) :- departmentR(B,ee), typeR(B,gradebook), departmentU_equals_departmentR(A,B).]
[C:-99,5,5,0 up(A,B,readscore) :- departmentR(B,ee), crsTaughtU_contains_crsR(A,B).]
[C:-133,5,5,0 up(A,B,readscore) :- departmentR(B,ee), crsTaughtU_contains_crsR(A,B), departmentU_equals_departmentR(A,B).]
[C:-2720,5,83,0 up(A,B,readscore) :- departmentR(B,ee), departmentU_equals_departmentR(A,B).]
[C:-1914,10,122,0 up(A,B,readscore) :- typeR(B,gradebook).]
[C:119,10,0,0 up(A,B,readscore) :- typeR(B,gradebook), crsTaughtU_contains_crsR(A,B).]
[C:-519,10,38,0 up(A,B,readscore) :- typeR(B,gradebook), departmentU_equals_departmentR(A,B).]
[C:-32,10,10,0 up(A,B,readscore) :- crsTaughtU_contains_crsR(A,B).]
[C:-49,10,10,0 up(A,B,readscore) :- crsTaughtU_contains_crsR(A,B), departmentU_equals_departmentR(A,B).]
[C:-2653,10,166,0 up(A,B,readscore) :- departmentU_equals_departmentR(A,B).]
[43 explored search nodes]
f=119,p=10,n=0,h=0
[Result of search is]

up(A,B,readscore) :- typeR(B,gradebook), crsTaughtU_contains_crsR(A,
	B).

[10 redundant clauses retracted]
[Generalising up(eefac1,ee101gradebook,assigngrade).]
[Most specific clause is]

up(A,B,assigngrade) :- positionU(A,faculty), uidU(A,eefac1), 
	departmentU(A,ee), crsTaughtU(A,ee101), crsR(B,ee101),
	ridR(B,ee101gradebook), departmentR(B,ee), typeR(B,gradebook),
	crsTaughtU_contains_crsR(A,B), departmentU_equals_departmentR(A,
	B).

[C:-31120,4,744,0 up(A,B,assigngrade).]
[C:-5458,4,132,0 up(A,B,assigngrade) :- positionU(A,faculty).]
[C:-796,4,20,0 up(A,B,assigngrade) :- positionU(A,faculty), typeR(B,gradebook).]
[C:2,4,0,0 up(A,B,assigngrade) :- positionU(A,faculty), typeR(B,gradebook), crsTaughtU_contains_crsR(A,B).]
[C:-334,4,8,0 up(A,B,assigngrade) :- positionU(A,faculty), typeR(B,gradebook), departmentU_equals_departmentR(A,B).]
[C:-124,4,4,0 up(A,B,assigngrade) :- positionU(A,faculty), crsTaughtU_contains_crsR(A,B).]
[C:-166,4,4,0 up(A,B,assigngrade) :- positionU(A,faculty), crsTaughtU_contains_crsR(A,B), departmentU_equals_departmentR(A,B).]
[C:-1636,4,40,0 up(A,B,assigngrade) :- positionU(A,faculty), departmentU_equals_departmentR(A,B).]
[C:-22678,2,270,0 up(A,B,assigngrade) :- departmentU(A,ee).]
[C:-20158,2,240,0 up(A,B,assigngrade) :- departmentR(B,ee).]
[C:-5290,4,128,0 up(A,B,assigngrade) :- typeR(B,gradebook).]
[C:-208,4,6,0 up(A,B,assigngrade) :- typeR(B,gradebook), crsTaughtU_contains_crsR(A,B).]
[C:-250,4,6,0 up(A,B,assigngrade) :- typeR(B,gradebook), crsTaughtU_contains_crsR(A,B), departmentU_equals_departmentR(A,B).]
[C:-1804,4,44,0 up(A,B,assigngrade) :- typeR(B,gradebook), departmentU_equals_departmentR(A,B).]
[C:-586,4,16,0 up(A,B,assigngrade) :- crsTaughtU_contains_crsR(A,B).]
[C:-628,4,16,0 up(A,B,assigngrade) :- crsTaughtU_contains_crsR(A,B), departmentU_equals_departmentR(A,B).]
[C:-7138,4,172,0 up(A,B,assigngrade) :- departmentU_equals_departmentR(A,B).]
[17 explored search nodes]
f=2,p=4,n=0,h=0
[Result of search is]

up(A,B,assigngrade) :- positionU(A,faculty), typeR(B,gradebook),
	crsTaughtU_contains_crsR(A,B).

[4 redundant clauses retracted]
[Generalising up(eefac1,ee101gradebook,addscore).]
[Most specific clause is]

up(A,B,addscore) :- positionU(A,faculty), uidU(A,eefac1), departmentU(A,
	ee), crsTaughtU(A,ee101), crsR(B,ee101), ridR(B,ee101gradebook),
	departmentR(B,ee), typeR(B,gradebook), crsTaughtU_contains_crsR(A,
	B), departmentU_equals_departmentR(A,B).

[C:-12246,10,738,0 up(A,B,addscore).]
[C:-5458,4,132,0 up(A,B,addscore) :- positionU(A,faculty).]
[C:-796,4,20,0 up(A,B,addscore) :- positionU(A,faculty), typeR(B,gradebook).]
[C:2,4,0,0 up(A,B,addscore) :- positionU(A,faculty), typeR(B,gradebook), crsTaughtU_contains_crsR(A,B).]
[C:-334,4,8,0 up(A,B,addscore) :- positionU(A,faculty), typeR(B,gradebook), departmentU_equals_departmentR(A,B).]
[C:-124,4,4,0 up(A,B,addscore) :- positionU(A,faculty), crsTaughtU_contains_crsR(A,B).]
[C:-166,4,4,0 up(A,B,addscore) :- positionU(A,faculty), crsTaughtU_contains_crsR(A,B), departmentU_equals_departmentR(A,B).]
[C:-1636,4,40,0 up(A,B,addscore) :- positionU(A,faculty), departmentU_equals_departmentR(A,B).]
[C:-8869,5,267,0 up(A,B,addscore) :- departmentU(A,ee).]
[C:-3638,3,65,0 up(A,B,addscore) :- departmentU(A,ee), crsTaughtU(A,ee101).]
[C:-2720,5,83,0 up(A,B,addscore) :- departmentU(A,ee), departmentR(B,ee).]
[C:-603,5,19,0 up(A,B,addscore) :- departmentU(A,ee), departmentR(B,ee), typeR(B,gradebook).]
[C:2,5,0,0 up(A,B,addscore) :- departmentU(A,ee), departmentR(B,ee), typeR(B,gradebook), crsTaughtU_contains_crsR(A,B).]
[C:-637,5,19,0 up(A,B,addscore) :- departmentU(A,ee), departmentR(B,ee), typeR(B,gradebook), departmentU_equals_departmentR(A,B).]
[C:-133,5,5,0 up(A,B,addscore) :- departmentU(A,ee), departmentR(B,ee), crsTaughtU_contains_crsR(A,B).]
[C:-166,5,5,0 up(A,B,addscore) :- departmentU(A,ee), departmentR(B,ee), crsTaughtU_contains_crsR(A,B), departmentU_equals_departmentR(A,B).]
[C:-2754,5,83,0 up(A,B,addscore) :- departmentU(A,ee), departmentR(B,ee), departmentU_equals_departmentR(A,B).]
[C:-1376,5,43,0 up(A,B,addscore) :- departmentU(A,ee), typeR(B,gradebook).]
[C:35,5,0,0 up(A,B,addscore) :- departmentU(A,ee), typeR(B,gradebook), crsTaughtU_contains_crsR(A,B).]
[C:-603,5,19,0 up(A,B,addscore) :- departmentU(A,ee), typeR(B,gradebook), departmentU_equals_departmentR(A,B).]
[C:-99,5,5,0 up(A,B,addscore) :- departmentU(A,ee), crsTaughtU_contains_crsR(A,B).]
[C:-133,5,5,0 up(A,B,addscore) :- departmentU(A,ee), crsTaughtU_contains_crsR(A,B), departmentU_equals_departmentR(A,B).]
[C:-2720,5,83,0 up(A,B,addscore) :- departmentU(A,ee), departmentU_equals_departmentR(A,B).]
[C:-3582,3,65,0 up(A,B,addscore) :- crsTaughtU(A,ee101).]
[C:-1062,3,19,0 up(A,B,addscore) :- crsTaughtU(A,ee101), departmentR(B,ee).]
[C:-502,3,9,0 up(A,B,addscore) :- crsTaughtU(A,ee101), typeR(B,gradebook).]
[C:-166,3,3,0 up(A,B,addscore) :- crsTaughtU(A,ee101), crsTaughtU_contains_crsR(A,B).]
[C:-1062,3,19,0 up(A,B,addscore) :- crsTaughtU(A,ee101), departmentU_equals_departmentR(A,B).]
[C:-3526,2,42,0 up(A,B,addscore) :- crsR(B,ee101).]
[C:-1678,2,20,0 up(A,B,addscore) :- ridR(B,ee101gradebook).]
[C:-7861,5,237,0 up(A,B,addscore) :- departmentR(B,ee).]
[C:-1981,5,61,0 up(A,B,addscore) :- departmentR(B,ee), typeR(B,gradebook).]
[C:35,5,0,0 up(A,B,addscore) :- departmentR(B,ee), typeR(B,gradebook), crsTaughtU_contains_crsR(A,B).]
[C:-603,5,19,0 up(A,B,addscore) :- departmentR(B,ee), typeR(B,gradebook), departmentU_equals_departmentR(A,B).]
[C:-99,5,5,0 up(A,B,addscore) :- departmentR(B,ee), crsTaughtU_contains_crsR(A,B).]
[C:-133,5,5,0 up(A,B,addscore) :- departmentR(B,ee), crsTaughtU_contains_crsR(A,B), departmentU_equals_departmentR(A,B).]
[C:-2720,5,83,0 up(A,B,addscore) :- departmentR(B,ee), departmentU_equals_departmentR(A,B).]
[C:-1914,10,122,0 up(A,B,addscore) :- typeR(B,gradebook).]
[C:119,10,0,0 up(A,B,addscore) :- typeR(B,gradebook), crsTaughtU_contains_crsR(A,B).]
[C:-519,10,38,0 up(A,B,addscore) :- typeR(B,gradebook), departmentU_equals_departmentR(A,B).]
[C:-32,10,10,0 up(A,B,addscore) :- crsTaughtU_contains_crsR(A,B).]
[C:-49,10,10,0 up(A,B,addscore) :- crsTaughtU_contains_crsR(A,B), departmentU_equals_departmentR(A,B).]
[C:-2653,10,166,0 up(A,B,addscore) :- departmentU_equals_departmentR(A,B).]
[43 explored search nodes]
f=119,p=10,n=0,h=0
[Result of search is]

up(A,B,addscore) :- typeR(B,gradebook), crsTaughtU_contains_crsR(A,
	B).

[10 redundant clauses retracted]
[Generalising up(eefac1,ee101gradebook,changescore).]
[Most specific clause is]

up(A,B,changescore) :- positionU(A,faculty), uidU(A,eefac1), 
	departmentU(A,ee), crsTaughtU(A,ee101), crsR(B,ee101),
	ridR(B,ee101gradebook), departmentR(B,ee), typeR(B,gradebook),
	crsTaughtU_contains_crsR(A,B), departmentU_equals_departmentR(A,
	B).

[C:-31120,4,744,0 up(A,B,changescore).]
[C:-5458,4,132,0 up(A,B,changescore) :- positionU(A,faculty).]
[C:-796,4,20,0 up(A,B,changescore) :- positionU(A,faculty), typeR(B,gradebook).]
[C:2,4,0,0 up(A,B,changescore) :- positionU(A,faculty), typeR(B,gradebook), crsTaughtU_contains_crsR(A,B).]
[C:-334,4,8,0 up(A,B,changescore) :- positionU(A,faculty), typeR(B,gradebook), departmentU_equals_departmentR(A,B).]
[C:-124,4,4,0 up(A,B,changescore) :- positionU(A,faculty), crsTaughtU_contains_crsR(A,B).]
[C:-166,4,4,0 up(A,B,changescore) :- positionU(A,faculty), crsTaughtU_contains_crsR(A,B), departmentU_equals_departmentR(A,B).]
[C:-1636,4,40,0 up(A,B,changescore) :- positionU(A,faculty), departmentU_equals_departmentR(A,B).]
[C:-22678,2,270,0 up(A,B,changescore) :- departmentU(A,ee).]
[C:-20158,2,240,0 up(A,B,changescore) :- departmentR(B,ee).]
[C:-5290,4,128,0 up(A,B,changescore) :- typeR(B,gradebook).]
[C:-208,4,6,0 up(A,B,changescore) :- typeR(B,gradebook), crsTaughtU_contains_crsR(A,B).]
[C:-250,4,6,0 up(A,B,changescore) :- typeR(B,gradebook), crsTaughtU_contains_crsR(A,B), departmentU_equals_departmentR(A,B).]
[C:-1804,4,44,0 up(A,B,changescore) :- typeR(B,gradebook), departmentU_equals_departmentR(A,B).]
[C:-586,4,16,0 up(A,B,changescore) :- crsTaughtU_contains_crsR(A,B).]
[C:-628,4,16,0 up(A,B,changescore) :- crsTaughtU_contains_crsR(A,B), departmentU_equals_departmentR(A,B).]
[C:-7138,4,172,0 up(A,B,changescore) :- departmentU_equals_departmentR(A,B).]
[17 explored search nodes]
f=2,p=4,n=0,h=0
[Result of search is]

up(A,B,changescore) :- positionU(A,faculty), typeR(B,gradebook),
	crsTaughtU_contains_crsR(A,B).

[4 redundant clauses retracted]
[Generalising up(csstu1,csstu1application,checkstatus).]
[Most specific clause is]

up(A,B,checkstatus) :- positionU(A,student), uidU(A,csstu1), 
	departmentU(A,cs), crsTakenU(A,cs101), studentR(B,csstu1),
	ridR(B,csstu1application), typeR(B,application), uidU_equals_studentR(A,
	B).

[C:-10148,12,736,0 up(A,B,checkstatus).]
[C:-5408,10,330,0 up(A,B,checkstatus) :- positionU(A,student).]
[C:-5475,5,165,0 up(A,B,checkstatus) :- positionU(A,student), departmentU(A,cs).]
[C:-1729,10,110,0 up(A,B,checkstatus) :- positionU(A,student), typeR(B,application).]
[C:102,10,0,0 up(A,B,checkstatus) :- positionU(A,student), typeR(B,application), uidU_equals_studentR(A,B).]
[C:-49,10,10,0 up(A,B,checkstatus) :- positionU(A,student), uidU_equals_studentR(A,B).]
[C:-8869,5,267,0 up(A,B,checkstatus) :- departmentU(A,cs).]
[C:-2989,5,91,0 up(A,B,checkstatus) :- departmentU(A,cs), typeR(B,application).]
[C:35,5,0,0 up(A,B,checkstatus) :- departmentU(A,cs), typeR(B,application), uidU_equals_studentR(A,B).]
[C:-99,5,5,0 up(A,B,checkstatus) :- departmentU(A,cs), uidU_equals_studentR(A,B).]
[C:-3386,12,252,0 up(A,B,checkstatus) :- typeR(B,application).]
[C:128,12,0,0 up(A,B,checkstatus) :- typeR(B,application), uidU_equals_studentR(A,B).]
[C:2,12,10,0 up(A,B,checkstatus) :- uidU_equals_studentR(A,B).]
[13 explored search nodes]
f=128,p=12,n=0,h=0
[Result of search is]

up(A,B,checkstatus) :- typeR(B,application), uidU_equals_studentR(A,
	B).

[12 redundant clauses retracted]
[Generalising up(csstu1,csstu1trans,read).]
[Most specific clause is]

up(A,B,read) :- positionU(A,student), uidU(A,csstu1), departmentU(A,
	cs), crsTakenU(A,cs101), studentR(B,csstu1), ridR(B,csstu1trans),
	departmentR(B,cs), typeR(B,transcript), uidU_equals_studentR(A,
	B), departmentU_equals_departmentR(A,B).

[C:-1349,75,668,0 up(A,B,read).]
[C:-5408,10,330,0 up(A,B,read) :- positionU(A,student).]
[C:-8634,5,260,0 up(A,B,read) :- departmentU(A,cs).]
[C:-1174,5,38,0 up(A,B,read) :- studentR(B,csstu1).]
[C:-1006,3,18,0 up(A,B,read) :- studentR(B,csstu1), ridR(B,csstu1trans).]
[C:-1006,3,18,0 up(A,B,read) :- studentR(B,csstu1), departmentR(B,cs).]
[C:-1006,3,18,0 up(A,B,read) :- studentR(B,csstu1), typeR(B,transcript).]
[C:-950,3,18,0 up(A,B,read) :- ridR(B,csstu1trans).]
[C:-1006,3,18,0 up(A,B,read) :- ridR(B,csstu1trans), departmentR(B,cs).]
[C:-1006,3,18,0 up(A,B,read) :- ridR(B,csstu1trans), typeR(B,transcript).]
[C:-1558,21,214,0 up(A,B,read) :- departmentR(B,cs).]
[C:-730,34,180,0 up(A,B,read) :- typeR(B,transcript).]
[C:119,10,0,0 up(A,B,read) :- typeR(B,transcript), uidU_equals_studentR(A,B).]
[C:-586,14,60,0 up(A,B,read) :- typeR(B,transcript), departmentU_equals_departmentR(A,B).]
[C:-66,10,12,0 up(A,B,read) :- uidU_equals_studentR(A,B).]
[C:119,10,0,0 up(A,B,read) :- uidU_equals_studentR(A,B), departmentU_equals_departmentR(A,B).]
[C:-1678,14,152,0 up(A,B,read) :- departmentU_equals_departmentR(A,B).]
[C:-872,15,90,0 up(A,B,read) :- departmentR(B,cs), typeR(B,transcript).]
[C:35,5,0,0 up(A,B,read) :- departmentR(B,cs), typeR(B,transcript), uidU_equals_studentR(A,B).]
[C:-973,5,30,0 up(A,B,read) :- departmentR(B,cs), typeR(B,transcript), departmentU_equals_departmentR(A,B).]
[C:69,5,0,0 up(A,B,read) :- departmentR(B,cs), uidU_equals_studentR(A,B).]
[C:-2485,5,76,0 up(A,B,read) :- departmentR(B,cs), departmentU_equals_departmentR(A,B).]
[C:-5475,5,165,0 up(A,B,read) :- positionU(A,student), departmentU(A,cs).]
[C:-3459,5,105,0 up(A,B,read) :- positionU(A,student), departmentR(B,cs).]
[C:-1477,5,45,0 up(A,B,read) :- positionU(A,student), departmentR(B,cs), typeR(B,transcript).]
[C:2,5,0,0 up(A,B,read) :- positionU(A,student), departmentR(B,cs), typeR(B,transcript), uidU_equals_studentR(A,B).]
[C:-670,5,20,0 up(A,B,read) :- positionU(A,student), departmentR(B,cs), typeR(B,transcript), departmentU_equals_departmentR(A,B).]
[C:35,5,0,0 up(A,B,read) :- positionU(A,student), departmentR(B,cs), uidU_equals_studentR(A,B).]
[C:-1645,5,50,0 up(A,B,read) :- positionU(A,student), departmentR(B,cs), departmentU_equals_departmentR(A,B).]
[C:-1393,10,90,0 up(A,B,read) :- positionU(A,student), typeR(B,transcript).]
[C:102,10,0,0 up(A,B,read) :- positionU(A,student), typeR(B,transcript), uidU_equals_studentR(A,B).]
[C:-570,10,40,0 up(A,B,read) :- positionU(A,student), typeR(B,transcript), departmentU_equals_departmentR(A,B).]
[C:-49,10,10,0 up(A,B,read) :- positionU(A,student), uidU_equals_studentR(A,B).]
[C:102,10,0,0 up(A,B,read) :- positionU(A,student), uidU_equals_studentR(A,B), departmentU_equals_departmentR(A,B).]
[C:-1561,10,100,0 up(A,B,read) :- positionU(A,student), departmentU_equals_departmentR(A,B).]
[C:-1645,5,50,0 up(A,B,read) :- positionU(A,student), departmentU(A,cs), departmentR(B,cs).]
[C:-670,5,20,0 up(A,B,read) :- positionU(A,student), departmentU(A,cs), departmentR(B,cs), typeR(B,transcript).]
[C:2,5,0,0 up(A,B,read) :- positionU(A,student), departmentU(A,cs), departmentR(B,cs), uidU_equals_studentR(A,B).]
[C:-1678,5,50,0 up(A,B,read) :- positionU(A,student), departmentU(A,cs), departmentR(B,cs), departmentU_equals_departmentR(A,B).]
[C:-1477,5,45,0 up(A,B,read) :- positionU(A,student), departmentU(A,cs), typeR(B,transcript).]
[C:2,5,0,0 up(A,B,read) :- positionU(A,student), departmentU(A,cs), typeR(B,transcript), uidU_equals_studentR(A,B).]
[C:-670,5,20,0 up(A,B,read) :- positionU(A,student), departmentU(A,cs), typeR(B,transcript), departmentU_equals_departmentR(A,B).]
[C:-133,5,5,0 up(A,B,read) :- positionU(A,student), departmentU(A,cs), uidU_equals_studentR(A,B).]
[C:2,5,0,0 up(A,B,read) :- positionU(A,student), departmentU(A,cs), uidU_equals_studentR(A,B), departmentU_equals_departmentR(A,B).]
[C:-1645,5,50,0 up(A,B,read) :- positionU(A,student), departmentU(A,cs), departmentU_equals_departmentR(A,B).]
[45 explored search nodes]
f=119,p=10,n=0,h=0
[Result of search is]

up(A,B,read) :- typeR(B,transcript), uidU_equals_studentR(A,B).

[10 redundant clauses retracted]
[Generalising up(csstu1,cs101gradebook,readmyscores).]
[Most specific clause is]

up(A,B,readmyscores) :- positionU(A,student), uidU(A,csstu1),
	departmentU(A,cs), crsTakenU(A,cs101), crsR(B,cs101),
	ridR(B,cs101gradebook), departmentR(B,cs), typeR(B,gradebook),
	crsTakenU_contains_crsR(A,B), departmentU_equals_departmentR(A,
	B).

[C:-10148,12,736,0 up(A,B,readmyscores).]
[C:-4450,12,328,0 up(A,B,readmyscores) :- positionU(A,student).]
[C:-4506,6,164,0 up(A,B,readmyscores) :- positionU(A,student), departmentU(A,cs).]
[C:-2826,6,104,0 up(A,B,readmyscores) :- positionU(A,student), departmentR(B,cs).]
[C:-614,6,24,0 up(A,B,readmyscores) :- positionU(A,student), departmentR(B,cs), typeR(B,gradebook).]
[C:30,6,0,0 up(A,B,readmyscores) :- positionU(A,student), departmentR(B,cs), typeR(B,gradebook), crsTakenU_contains_crsR(A,B).]
[C:-222,6,9,0 up(A,B,readmyscores) :- positionU(A,student), departmentR(B,cs), typeR(B,gradebook), departmentU_equals_departmentR(A,B).]
[C:-110,6,6,0 up(A,B,readmyscores) :- positionU(A,student), departmentR(B,cs), crsTakenU_contains_crsR(A,B).]
[C:-138,6,6,0 up(A,B,readmyscores) :- positionU(A,student), departmentR(B,cs), crsTakenU_contains_crsR(A,B), departmentU_equals_departmentR(A,B).]
[C:-1314,6,49,0 up(A,B,readmyscores) :- positionU(A,student), departmentR(B,cs), departmentU_equals_departmentR(A,B).]
[C:-544,12,48,0 up(A,B,readmyscores) :- positionU(A,student), typeR(B,gradebook).]
[C:114,12,0,0 up(A,B,readmyscores) :- positionU(A,student), typeR(B,gradebook), crsTakenU_contains_crsR(A,B).]
[C:-138,12,18,0 up(A,B,readmyscores) :- positionU(A,student), typeR(B,gradebook), departmentU_equals_departmentR(A,B).]
[C:-40,12,12,0 up(A,B,readmyscores) :- positionU(A,student), crsTakenU_contains_crsR(A,B).]
[C:-54,12,12,0 up(A,B,readmyscores) :- positionU(A,student), crsTakenU_contains_crsR(A,B), departmentU_equals_departmentR(A,B).]
[C:-1244,12,98,0 up(A,B,readmyscores) :- positionU(A,student), departmentU_equals_departmentR(A,B).]
[C:-7334,6,266,0 up(A,B,readmyscores) :- departmentU(A,cs).]
[C:-2210,6,82,0 up(A,B,readmyscores) :- departmentU(A,cs), departmentR(B,cs).]
[C:-446,6,18,0 up(A,B,readmyscores) :- departmentU(A,cs), departmentR(B,cs), typeR(B,gradebook).]
[C:30,6,0,0 up(A,B,readmyscores) :- departmentU(A,cs), departmentR(B,cs), typeR(B,gradebook), crsTakenU_contains_crsR(A,B).]
[C:-474,6,18,0 up(A,B,readmyscores) :- departmentU(A,cs), departmentR(B,cs), typeR(B,gradebook), departmentU_equals_departmentR(A,B).]
[C:-110,6,6,0 up(A,B,readmyscores) :- departmentU(A,cs), departmentR(B,cs), crsTakenU_contains_crsR(A,B).]
[C:-138,6,6,0 up(A,B,readmyscores) :- departmentU(A,cs), departmentR(B,cs), crsTakenU_contains_crsR(A,B), departmentU_equals_departmentR(A,B).]
[C:-2238,6,82,0 up(A,B,readmyscores) :- departmentU(A,cs), departmentR(B,cs), departmentU_equals_departmentR(A,B).]
[C:-1090,6,42,0 up(A,B,readmyscores) :- departmentU(A,cs), typeR(B,gradebook).]
[C:58,6,0,0 up(A,B,readmyscores) :- departmentU(A,cs), typeR(B,gradebook), crsTakenU_contains_crsR(A,B).]
[C:-446,6,18,0 up(A,B,readmyscores) :- departmentU(A,cs), typeR(B,gradebook), departmentU_equals_departmentR(A,B).]
[C:-82,6,6,0 up(A,B,readmyscores) :- departmentU(A,cs), crsTakenU_contains_crsR(A,B).]
[C:-110,6,6,0 up(A,B,readmyscores) :- departmentU(A,cs), crsTakenU_contains_crsR(A,B), departmentU_equals_departmentR(A,B).]
[C:-2210,6,82,0 up(A,B,readmyscores) :- departmentU(A,cs), departmentU_equals_departmentR(A,B).]
[C:-6494,6,236,0 up(A,B,readmyscores) :- departmentR(B,cs).]
[C:-1594,6,60,0 up(A,B,readmyscores) :- departmentR(B,cs), typeR(B,gradebook).]
[C:58,6,0,0 up(A,B,readmyscores) :- departmentR(B,cs), typeR(B,gradebook), crsTakenU_contains_crsR(A,B).]
[C:-446,6,18,0 up(A,B,readmyscores) :- departmentR(B,cs), typeR(B,gradebook), departmentU_equals_departmentR(A,B).]
[C:-82,6,6,0 up(A,B,readmyscores) :- departmentR(B,cs), crsTakenU_contains_crsR(A,B).]
[C:-110,6,6,0 up(A,B,readmyscores) :- departmentR(B,cs), crsTakenU_contains_crsR(A,B), departmentU_equals_departmentR(A,B).]
[C:-2210,6,82,0 up(A,B,readmyscores) :- departmentR(B,cs), departmentU_equals_departmentR(A,B).]
[C:-1538,12,120,0 up(A,B,readmyscores) :- typeR(B,gradebook).]
[C:128,12,0,0 up(A,B,readmyscores) :- typeR(B,gradebook), crsTakenU_contains_crsR(A,B).]
[C:-376,12,36,0 up(A,B,readmyscores) :- typeR(B,gradebook), departmentU_equals_departmentR(A,B).]
[C:-26,12,12,0 up(A,B,readmyscores) :- crsTakenU_contains_crsR(A,B).]
[C:-40,12,12,0 up(A,B,readmyscores) :- crsTakenU_contains_crsR(A,B), departmentU_equals_departmentR(A,B).]
[C:-2154,12,164,0 up(A,B,readmyscores) :- departmentU_equals_departmentR(A,B).]
[43 explored search nodes]
f=128,p=12,n=0,h=0
[Result of search is]

up(A,B,readmyscores) :- typeR(B,gradebook), crsTakenU_contains_crsR(A,
	B).

[12 redundant clauses retracted]
[Generalising up(admissions1,eestu3application,read).]
[Most specific clause is]

up(A,B,read) :- positionU(A,staff), uidU(A,admissions1), departmentU(A,
	admissions), studentR(B,eestu3), ridR(B,eestu3application),
	typeR(B,application).

[C:-1508,68,668,0 up(A,B,read).]
[C:-76,57,80,0 up(A,B,read) :- positionU(A,staff).]
[C:-180,12,22,0 up(A,B,read) :- positionU(A,staff), uidU(A,admissions1).]
[C:-159,24,44,0 up(A,B,read) :- positionU(A,staff), departmentU(A,admissions).]
[C:-124,4,4,0 up(A,B,read) :- positionU(A,staff), studentR(B,eestu3).]
[C:-19,24,24,0 up(A,B,read) :- positionU(A,staff), typeR(B,application).]
[C:142,24,0,0 up(A,B,read) :- positionU(A,staff), departmentU(A,admissions), typeR(B,application).]
[C:-166,12,22,0 up(A,B,read) :- uidU(A,admissions1).]
[C:-180,12,22,0 up(A,B,read) :- uidU(A,admissions1), departmentU(A,admissions).]
[C:128,12,0,0 up(A,B,read) :- uidU(A,admissions1), typeR(B,application).]
[C:114,12,0,0 up(A,B,read) :- uidU(A,admissions1), departmentU(A,admissions), typeR(B,application).]
[C:-152,24,44,0 up(A,B,read) :- departmentU(A,admissions).]
[C:149,24,0,0 up(A,B,read) :- departmentU(A,admissions), typeR(B,application).]
[C:-1510,4,38,0 up(A,B,read) :- studentR(B,eestu3).]
[C:-1678,2,20,0 up(A,B,read) :- ridR(B,eestu3application).]
[C:-1524,24,240,0 up(A,B,read) :- typeR(B,application).]
[16 explored search nodes]
f=149,p=24,n=0,h=0
[Result of search is]

up(A,B,read) :- departmentU(A,admissions), typeR(B,application).

[24 redundant clauses retracted]
[Generalising up(admissions1,eestu3application,setstatus).]
[Most specific clause is]

up(A,B,setstatus) :- positionU(A,staff), uidU(A,admissions1),
	departmentU(A,admissions), studentR(B,eestu3), ridR(B,
	eestu3application), typeR(B,application).

[C:-4905,24,724,0 up(A,B,setstatus).]
[C:-628,24,112,0 up(A,B,setstatus) :- positionU(A,staff).]
[C:-180,12,22,0 up(A,B,setstatus) :- positionU(A,staff), uidU(A,admissions1).]
[C:-194,12,22,0 up(A,B,setstatus) :- positionU(A,staff), uidU(A,admissions1), departmentU(A,admissions).]
[C:114,12,0,0 up(A,B,setstatus) :- positionU(A,staff), uidU(A,admissions1), typeR(B,application).]
[C:-159,24,44,0 up(A,B,setstatus) :- positionU(A,staff), departmentU(A,admissions).]
[C:142,24,0,0 up(A,B,setstatus) :- positionU(A,staff), departmentU(A,admissions), typeR(B,application).]
[C:-19,24,24,0 up(A,B,setstatus) :- positionU(A,staff), typeR(B,application).]
[C:-166,12,22,0 up(A,B,setstatus) :- uidU(A,admissions1).]
[C:-180,12,22,0 up(A,B,setstatus) :- uidU(A,admissions1), departmentU(A,admissions).]
[C:128,12,0,0 up(A,B,setstatus) :- uidU(A,admissions1), typeR(B,application).]
[C:114,12,0,0 up(A,B,setstatus) :- uidU(A,admissions1), departmentU(A,admissions), typeR(B,application).]
[C:-152,24,44,0 up(A,B,setstatus) :- departmentU(A,admissions).]
[C:149,24,0,0 up(A,B,setstatus) :- departmentU(A,admissions), typeR(B,application).]
[C:-3526,2,42,0 up(A,B,setstatus) :- studentR(B,eestu3).]
[C:-1678,2,20,0 up(A,B,setstatus) :- ridR(B,eestu3application).]
[C:-1524,24,240,0 up(A,B,setstatus) :- typeR(B,application).]
[17 explored search nodes]
f=149,p=24,n=0,h=0
[Result of search is]

up(A,B,setstatus) :- departmentU(A,admissions), typeR(B,application).

[24 redundant clauses retracted]
[Generalising up(registrar1,csstu5trans,read).]
[Most specific clause is]

up(A,B,read) :- positionU(A,staff), uidU(A,registrar1), departmentU(A,
	registrar), studentR(B,csstu5), ridR(B,csstu5trans), 
	departmentR(B,cs), typeR(B,transcript).

[C:-2274,46,668,0 up(A,B,read).]
[C:-261,32,80,0 up(A,B,read) :- positionU(A,staff).]
[C:-51,16,18,0 up(A,B,read) :- positionU(A,staff), uidU(A,registrar1).]
[C:-61,16,18,0 up(A,B,read) :- positionU(A,staff), uidU(A,registrar1), departmentU(A,registrar).]
[C:23,8,3,0 up(A,B,read) :- positionU(A,staff), uidU(A,registrar1), departmentR(B,cs).]
[C:2,5,0,0 up(A,B,read) :- positionU(A,staff), uidU(A,registrar1), departmentR(B,cs), typeR(B,transcript).]
[C:102,10,0,0 up(A,B,read) :- positionU(A,staff), uidU(A,registrar1), typeR(B,transcript).]
[C:2,8,3,0 up(A,B,read) :- positionU(A,staff), uidU(A,registrar1), departmentU(A,registrar), departmentR(B,cs).]
[C:86,10,0,0 up(A,B,read) :- positionU(A,staff), uidU(A,registrar1), departmentU(A,registrar), typeR(B,transcript).]
[C:-35,32,36,0 up(A,B,read) :- positionU(A,staff), departmentU(A,registrar).]
[C:65,16,6,0 up(A,B,read) :- positionU(A,staff), departmentU(A,registrar), departmentR(B,cs).]
[C:86,10,0,0 up(A,B,read) :- positionU(A,staff), departmentU(A,registrar), departmentR(B,cs), typeR(B,transcript).]
[C:136,20,0,0 up(A,B,read) :- positionU(A,staff), departmentU(A,registrar), typeR(B,transcript).]
[C:-156,16,28,0 up(A,B,read) :- positionU(A,staff), departmentR(B,cs).]
[C:-66,10,10,0 up(A,B,read) :- positionU(A,staff), departmentR(B,cs), typeR(B,transcript).]
[C:-24,20,20,0 up(A,B,read) :- positionU(A,staff), typeR(B,transcript).]
[C:-40,16,18,0 up(A,B,read) :- uidU(A,registrar1).]
[C:-51,16,18,0 up(A,B,read) :- uidU(A,registrar1), departmentU(A,registrar).]
[C:44,8,3,0 up(A,B,read) :- uidU(A,registrar1), departmentR(B,cs).]
[C:35,5,0,0 up(A,B,read) :- uidU(A,registrar1), departmentR(B,cs), typeR(B,transcript).]
[C:119,10,0,0 up(A,B,read) :- uidU(A,registrar1), typeR(B,transcript).]
[C:23,8,3,0 up(A,B,read) :- uidU(A,registrar1), departmentU(A,registrar), departmentR(B,cs).]
[C:2,5,0,0 up(A,B,read) :- uidU(A,registrar1), departmentU(A,registrar), departmentR(B,cs), typeR(B,transcript).]
[C:102,10,0,0 up(A,B,read) :- uidU(A,registrar1), departmentU(A,registrar), typeR(B,transcript).]
[C:-30,32,36,0 up(A,B,read) :- departmentU(A,registrar).]
[C:75,16,6,0 up(A,B,read) :- departmentU(A,registrar), departmentR(B,cs).]
[C:102,10,0,0 up(A,B,read) :- departmentU(A,registrar), departmentR(B,cs), typeR(B,transcript).]
[C:144,20,0,0 up(A,B,read) :- departmentU(A,registrar), typeR(B,transcript).]
[C:-3190,2,38,0 up(A,B,read) :- studentR(B,csstu5).]
[C:-1510,2,18,0 up(A,B,read) :- ridR(B,csstu5trans).]
[C:-2098,16,214,0 up(A,B,read) :- departmentR(B,cs).]
[C:-1393,10,90,0 up(A,B,read) :- departmentR(B,cs), typeR(B,transcript).]
[C:-963,27,180,0 up(A,B,read) :- typeR(B,transcript).]
[33 explored search nodes]
f=144,p=20,n=0,h=0
[Result of search is]

up(A,B,read) :- departmentU(A,registrar), typeR(B,transcript).

[20 redundant clauses retracted]
[Generalising up(registrar1,ee602roster,write).]
[Most specific clause is]

up(A,B,write) :- positionU(A,staff), uidU(A,registrar1), departmentU(A,
	registrar), crsR(B,ee602), ridR(B,ee602roster), departmentR(B,
	ee), typeR(B,roster).

[C:-10148,12,736,0 up(A,B,write).]
[C:-1594,12,124,0 up(A,B,write) :- positionU(A,staff).]
[C:-698,6,28,0 up(A,B,write) :- positionU(A,staff), uidU(A,registrar1).]
[C:-726,6,28,0 up(A,B,write) :- positionU(A,staff), uidU(A,registrar1), departmentU(A,registrar).]
[C:58,6,0,0 up(A,B,write) :- positionU(A,staff), uidU(A,registrar1), typeR(B,roster).]
[C:-656,12,56,0 up(A,B,write) :- positionU(A,staff), departmentU(A,registrar).]
[C:-390,6,16,0 up(A,B,write) :- positionU(A,staff), departmentU(A,registrar), departmentR(B,ee).]
[C:30,6,0,0 up(A,B,write) :- positionU(A,staff), departmentU(A,registrar), departmentR(B,ee), typeR(B,roster).]
[C:114,12,0,0 up(A,B,write) :- positionU(A,staff), departmentU(A,registrar), typeR(B,roster).]
[C:-978,6,38,0 up(A,B,write) :- positionU(A,staff), departmentR(B,ee).]
[C:-110,6,6,0 up(A,B,write) :- positionU(A,staff), departmentR(B,ee), typeR(B,roster).]
[C:-40,12,12,0 up(A,B,write) :- positionU(A,staff), typeR(B,roster).]
[C:-670,6,28,0 up(A,B,write) :- uidU(A,registrar1).]
[C:-698,6,28,0 up(A,B,write) :- uidU(A,registrar1), departmentU(A,registrar).]
[C:-446,3,8,0 up(A,B,write) :- uidU(A,registrar1), departmentR(B,ee).]
[C:86,6,0,0 up(A,B,write) :- uidU(A,registrar1), typeR(B,roster).]
[C:58,6,0,0 up(A,B,write) :- uidU(A,registrar1), departmentU(A,registrar), typeR(B,roster).]
[C:-642,12,56,0 up(A,B,write) :- departmentU(A,registrar).]
[C:-362,6,16,0 up(A,B,write) :- departmentU(A,registrar), departmentR(B,ee).]
[C:58,6,0,0 up(A,B,write) :- departmentU(A,registrar), departmentR(B,ee), typeR(B,roster).]
[C:128,12,0,0 up(A,B,write) :- departmentU(A,registrar), typeR(B,roster).]
[C:-3526,2,42,0 up(A,B,write) :- crsR(B,ee602).]
[C:-1678,2,20,0 up(A,B,write) :- ridR(B,ee602roster).]
[C:-6494,6,236,0 up(A,B,write) :- departmentR(B,ee).]
[C:-1594,6,60,0 up(A,B,write) :- departmentR(B,ee), typeR(B,roster).]
[C:-1538,12,120,0 up(A,B,write) :- typeR(B,roster).]
[26 explored search nodes]
f=128,p=12,n=0,h=0
[Result of search is]

up(A,B,write) :- departmentU(A,registrar), typeR(B,roster).

[12 redundant clauses retracted]
[Generalising up(registrar1,ee602roster,read).]
[Most specific clause is]

up(A,B,read) :- positionU(A,staff), uidU(A,registrar1), departmentU(A,
	registrar), crsR(B,ee602), ridR(B,ee602roster), departmentR(B,
	ee), typeR(B,roster).

[C:-3706,29,668,0 up(A,B,read).]
[C:-978,12,80,0 up(A,B,read) :- positionU(A,staff).]
[C:-418,6,18,0 up(A,B,read) :- positionU(A,staff), uidU(A,registrar1).]
[C:-446,6,18,0 up(A,B,read) :- positionU(A,staff), uidU(A,registrar1), departmentU(A,registrar).]
[C:58,6,0,0 up(A,B,read) :- positionU(A,staff), uidU(A,registrar1), typeR(B,roster).]
[C:-376,12,36,0 up(A,B,read) :- positionU(A,staff), departmentU(A,registrar).]
[C:-110,6,6,0 up(A,B,read) :- positionU(A,staff), departmentU(A,registrar), departmentR(B,ee).]
[C:30,6,0,0 up(A,B,read) :- positionU(A,staff), departmentU(A,registrar), departmentR(B,ee), typeR(B,roster).]
[C:114,12,0,0 up(A,B,read) :- positionU(A,staff), departmentU(A,registrar), typeR(B,roster).]
[C:-698,6,28,0 up(A,B,read) :- positionU(A,staff), departmentR(B,ee).]
[C:-110,6,6,0 up(A,B,read) :- positionU(A,staff), departmentR(B,ee), typeR(B,roster).]
[C:-40,12,12,0 up(A,B,read) :- positionU(A,staff), typeR(B,roster).]
[C:-390,6,18,0 up(A,B,read) :- uidU(A,registrar1).]
[C:-418,6,18,0 up(A,B,read) :- uidU(A,registrar1), departmentU(A,registrar).]
[C:-166,3,3,0 up(A,B,read) :- uidU(A,registrar1), departmentR(B,ee).]
[C:86,6,0,0 up(A,B,read) :- uidU(A,registrar1), typeR(B,roster).]
[C:58,6,0,0 up(A,B,read) :- uidU(A,registrar1), departmentU(A,registrar), typeR(B,roster).]
[C:-256,15,36,0 up(A,B,read) :- departmentU(A,registrar).]
[C:-82,6,6,0 up(A,B,read) :- departmentU(A,registrar), departmentR(B,ee).]
[C:58,6,0,0 up(A,B,read) :- departmentU(A,registrar), departmentR(B,ee), typeR(B,roster).]
[C:128,12,0,0 up(A,B,read) :- departmentU(A,registrar), typeR(B,roster).]
[C:-3526,2,42,0 up(A,B,read) :- crsR(B,ee602).]
[C:-1678,2,20,0 up(A,B,read) :- ridR(B,ee602roster).]
[C:-5878,6,214,0 up(A,B,read) :- departmentR(B,ee).]
[C:-1069,16,116,0 up(A,B,read) :- typeR(B,roster).]
[C:-1538,6,58,0 up(A,B,read) :- departmentR(B,ee), typeR(B,roster).]
[26 explored search nodes]
f=128,p=12,n=0,h=0
[Result of search is]

up(A,B,read) :- departmentU(A,registrar), typeR(B,roster).

[12 redundant clauses retracted]

up(A,B,read) :- isChairU(A,true), typeR(B,transcript), departmentU_equals_departmentR(A,
	B).
up(A,B,read) :- positionU(A,faculty), typeR(B,roster), crsTaughtU_contains_crsR(A,
	B).
up(A,B,readscore) :- typeR(B,gradebook), crsTaughtU_contains_crsR(A,
	B).
up(A,B,assigngrade) :- positionU(A,faculty), typeR(B,gradebook),
	crsTaughtU_contains_crsR(A,B).
up(A,B,addscore) :- typeR(B,gradebook), crsTaughtU_contains_crsR(A,
	B).
up(A,B,changescore) :- positionU(A,faculty), typeR(B,gradebook),
	crsTaughtU_contains_crsR(A,B).
up(A,B,checkstatus) :- typeR(B,application), uidU_equals_studentR(A,
	B).
up(A,B,read) :- typeR(B,transcript), uidU_equals_studentR(A,B).
up(A,B,readmyscores) :- typeR(B,gradebook), crsTakenU_contains_crsR(A,
	B).
up(A,B,read) :- departmentU(A,admissions), typeR(B,application).
up(A,B,setstatus) :- departmentU(A,admissions), typeR(B,application).
up(A,B,read) :- departmentU(A,registrar), typeR(B,transcript).
up(A,B,write) :- departmentU(A,registrar), typeR(B,roster).
up(A,B,read) :- departmentU(A,registrar), typeR(B,roster).

[Total number of clauses = 14]

[Time taken 9.95s]
