CProgol Version 4.4

[:- set(nodes,0)? - Time taken 0.00s]
[:- set(h,100)? - Time taken 0.00s]
[:- modeh(1,up(+user,+resource,#operation))? - Time taken 0.00s]
[:- modeb(1,superset(+attribValSet,+attribValSet))? - Time taken 0.00s]
[:- modeb(1,element(+attribValAtomic,+attribValSet))? - Time taken 0.00s]
[:- modeb(1,element(+attribValAtomic,#attribValSet))? - Time taken 0.00s]
[:- modeb(1,element(#attribValAtomic,+attribValSet))? - Time taken 0.00s]
[Testing for contradictions]
[No contradictions found]
[Predicate up/3 not defined]
[Time taken 0.00s]
CProgol Version 4.4

[:- set(nodes,0)? - Time taken 0.00s]
[:- set(h,100)? - Time taken 0.00s]
[:- modeh(1,up(+user,+resource,#operation))? - Time taken 0.00s]
[:- modeb(1,superset(+attribValSet,+attribValSet))? - Time taken 0.00s]
[:- modeb(1,element(+attribValAtomic,+attribValSet))? - Time taken 0.00s]
[:- modeb(1,element(+attribValAtomic,#attribValSet))? - Time taken 0.00s]
[:- modeb(1,element(#attribValAtomic,+attribValSet))? - Time taken 0.00s]
[Testing for contradictions]
[No contradictions found]
[Predicate up/3 not defined]
[Time taken 0.00s]
CProgol Version 4.4

[:- set(nodes,0)? - Time taken 0.00s]
[:- set(h,100)? - Time taken 0.00s]
[:- modeh(1,up(+user,+resource,#operation))? - Time taken 0.00s]
[:- modeb(1,superset(+attribValSet,+attribValSet))? - Time taken 0.00s]
[:- modeb(1,element(+attribValAtomic,+attribValSet))? - Time taken 0.00s]
[:- modeb(1,element(+attribValAtomic,#attribValSet))? - Time taken 0.00s]
[:- modeb(1,element(#attribValAtomic,+attribValSet))? - Time taken 0.00s]
[Testing for contradictions]
[No contradictions found]
[Predicate up/3 not defined]
[Time taken 0.00s]
CProgol Version 4.4

[:- set(nodes,0)? - Time taken 0.00s]
[:- set(h,100)? - Time taken 0.00s]
[:- modeh(1,up(+user,+resource,#operation))? - Time taken 0.00s]
[:- modeb(1,superset(+attribValSet,+attribValSet))? - Time taken 0.00s]
[:- modeb(1,element(+attribValAtomic,+attribValSet))? - Time taken 0.00s]
[:- modeb(1,element(+attribValAtomic,#attribValSet))? - Time taken 0.00s]
[:- modeb(1,element(#attribValAtomic,+attribValSet))? - Time taken 0.00s]
[Testing for contradictions]
[No contradictions found]
[Predicate up/3 not defined]
[Time taken 0.00s]
CProgol Version 4.4

[:- set(nodes,0)? - Time taken 0.00s]
[:- set(h,100)? - Time taken 0.00s]
[:- modeh(1,up(+user,+resource,#operation))? - Time taken 0.00s]
[:- modeb(1,superset(+attribValSet,+attribValSet))? - Time taken 0.00s]
[:- modeb(1,element(+attribValAtomic,+attribValSet))? - Time taken 0.00s]
[:- modeb(1,element(+attribValAtomic,#attribValSet))? - Time taken 0.00s]
[:- modeb(1,element(#attribValAtomic,+attribValSet))? - Time taken 0.00s]
[Testing for contradictions]
[No contradictions found]
[Predicate up/3 not defined]
[Time taken 0.00s]
CProgol Version 4.4

[:- set(nodes,0)? - Time taken 0.00s]
[:- set(h,100)? - Time taken 0.00s]
[:- modeh(1,up(+user,+resource,#operation))? - Time taken 0.00s]
[:- modeb(1,superset(+attribValSet,+attribValSet))? - Time taken 0.00s]
[:- modeb(1,element(+attribValAtomic,+attribValSet))? - Time taken 0.00s]
[:- modeb(1,element(+attribValAtomic,#attribValSet))? - Time taken 0.00s]
[:- modeb(1,element(#attribValAtomic,+attribValSet))? - Time taken 0.00s]
[Testing for contradictions]
[No contradictions found]
[Predicate up/3 not defined]
[Time taken 0.00s]
